--------------------------------------------------------------------------------
Process Log at Mon Aug 10 13:37:44 2020
--------------------------------------------------------------------------------
{'name': 'System Idle Process', 'username': 'NT AUTHORITY\\SYSTEM', 'pid': 0, 'vms': 0.05859375}
{'name': 'System', 'username': 'NT AUTHORITY\\SYSTEM', 'pid': 4, 'vms': 0.19921875}
{'name': 'WindowsInternal.ComposableShell.Experiences.TextInput.InputApp.exe', 'username': 'LAPTOP-RSTFGJU4\\Vedant Wartikar', 'pid': 88, 'vms': 12.27734375}
{'name': 'Registry', 'username': None, 'pid': 120, 'vms': 11.0859375}
{'name': 'svchost.exe', 'username': None, 'pid': 148, 'vms': 10.90234375}
{'name': 'svchost.exe', 'username': None, 'pid': 388, 'vms': 0.93359375}
{'name': 'smss.exe', 'username': None, 'pid': 468, 'vms': 1.1640625}
{'name': 'python.exe', 'username': 'LAPTOP-RSTFGJU4\\Vedant Wartikar', 'pid': 512, 'vms': 288.91015625}
{'name': 'conhost.exe', 'username': 'LAPTOP-RSTFGJU4\\Vedant Wartikar', 'pid': 532, 'vms': 6.51953125}
{'name': 'svchost.exe', 'username': None, 'pid': 560, 'vms': 14.65234375}
{'name': 'chrome.exe', 'username': 'LAPTOP-RSTFGJU4\\Vedant Wartikar', 'pid': 684, 'vms': 19.8828125}
{'name': 'csrss.exe', 'username': None, 'pid': 692, 'vms': 2.359375}
{'name': 'nvsphelper64.exe', 'username': 'LAPTOP-RSTFGJU4\\Vedant Wartikar', 'pid': 700, 'vms': 3.21484375}
{'name': 'csrss.exe', 'username': None, 'pid': 716, 'vms': 2.54296875}
{'name': 'wininit.exe', 'username': None, 'pid': 792, 'vms': 1.59375}
{'name': 'services.exe', 'username': None, 'pid': 864, 'vms': 5.51171875}
{'name': 'lsass.exe', 'username': None, 'pid': 880, 'vms': 7.765625}
{'name': 'fontdrvhost.exe', 'username': None, 'pid': 952, 'vms': 1.57421875}
{'name': 'YourPhone.exe', 'username': 'LAPTOP-RSTFGJU4\\Vedant Wartikar', 'pid': 1012, 'vms': 25.69140625}
{'name': 'svchost.exe', 'username': None, 'pid': 1080, 'vms': 9.22265625}
{'name': 'svchost.exe', 'username': None, 'pid': 1128, 'vms': 2.92578125}
{'name': 'Code.exe', 'username': 'LAPTOP-RSTFGJU4\\Vedant Wartikar', 'pid': 1144, 'vms': 51.375}
{'name': 'PresentationFontCache.exe', 'username': None, 'pid': 1220, 'vms': 24.71484375}
{'name': 'svchost.exe', 'username': None, 'pid': 1344, 'vms': 2.64453125}
{'name': 'chrome.exe', 'username': 'LAPTOP-RSTFGJU4\\Vedant Wartikar', 'pid': 1384, 'vms': 42.21484375}
{'name': 'svchost.exe', 'username': None, 'pid': 1400, 'vms': 2.15625}
{'name': 'svchost.exe', 'username': None, 'pid': 1440, 'vms': 1.5390625}
{'name': 'svchost.exe', 'username': None, 'pid': 1508, 'vms': 2.515625}
{'name': 'RuntimeBroker.exe', 'username': 'LAPTOP-RSTFGJU4\\Vedant Wartikar', 'pid': 1544, 'vms': 5.46484375}
{'name': 'svchost.exe', 'username': None, 'pid': 1576, 'vms': 6.82421875}
{'name': 'svchost.exe', 'username': None, 'pid': 1612, 'vms': 3.15234375}
{'name': 'svchost.exe', 'username': None, 'pid': 1636, 'vms': 2.17578125}
{'name': 'svchost.exe', 'username': None, 'pid': 1640, 'vms': 1.55078125}
{'name': 'Skype.exe', 'username': 'LAPTOP-RSTFGJU4\\Vedant Wartikar', 'pid': 1656, 'vms': 9.5078125}
{'name': 'conhost.exe', 'username': 'LAPTOP-RSTFGJU4\\Vedant Wartikar', 'pid': 1700, 'vms': 6.52734375}
{'name': 'svchost.exe', 'username': None, 'pid': 1756, 'vms': 16.47265625}
{'name': 'svchost.exe', 'username': None, 'pid': 1796, 'vms': 1.296875}
{'name': 'svchost.exe', 'username': None, 'pid': 1800, 'vms': 7.84765625}
{'name': 'Skype.exe', 'username': 'LAPTOP-RSTFGJU4\\Vedant Wartikar', 'pid': 1864, 'vms': 38.96484375}
{'name': 'svchost.exe', 'username': None, 'pid': 1896, 'vms': 2.85546875}
{'name': 'NVDisplay.Container.exe', 'username': None, 'pid': 1976, 'vms': 5.87109375}
{'name': 'svchost.exe', 'username': None, 'pid': 2024, 'vms': 5.3046875}
{'name': 'svchost.exe', 'username': None, 'pid': 2040, 'vms': 1.75390625}
{'name': 'svchost.exe', 'username': None, 'pid': 2052, 'vms': 1.97265625}
{'name': 'wsc_proxy.exe', 'username': None, 'pid': 2060, 'vms': 4.12890625}
{'name': 'svchost.exe', 'username': None, 'pid': 2084, 'vms': 2.58984375}
{'name': 'DolbyDAX2TrayIcon.exe', 'username': 'LAPTOP-RSTFGJU4\\Vedant Wartikar', 'pid': 2120, 'vms': 3.9765625}
{'name': 'chrome.exe', 'username': 'LAPTOP-RSTFGJU4\\Vedant Wartikar', 'pid': 2224, 'vms': 111.07421875}
{'name': 'Memory Compression', 'username': None, 'pid': 2288, 'vms': 0.1015625}
{'name': 'svchost.exe', 'username': None, 'pid': 2336, 'vms': 1.99609375}
{'name': 'svchost.exe', 'username': None, 'pid': 2344, 'vms': 2.5625}
{'name': 'svchost.exe', 'username': None, 'pid': 2380, 'vms': 4.421875}
{'name': 'igfxCUIService.exe', 'username': None, 'pid': 2424, 'vms': 1.96875}
{'name': 'svchost.exe', 'username': None, 'pid': 2456, 'vms': 1.51953125}
{'name': 'svchost.exe', 'username': None, 'pid': 2524, 'vms': 2.7578125}
{'name': 'svchost.exe', 'username': None, 'pid': 2552, 'vms': 3.2109375}
{'name': 'Code.exe', 'username': 'LAPTOP-RSTFGJU4\\Vedant Wartikar', 'pid': 2560, 'vms': 10.3203125}
{'name': 'svchost.exe', 'username': None, 'pid': 2596, 'vms': 1.9296875}
{'name': 'svchost.exe', 'username': None, 'pid': 2604, 'vms': 1.97265625}
{'name': 'svchost.exe', 'username': None, 'pid': 2628, 'vms': 2.96484375}
{'name': 'Skype.exe', 'username': 'LAPTOP-RSTFGJU4\\Vedant Wartikar', 'pid': 2648, 'vms': 119.73828125}
{'name': 'SearchUI.exe', 'username': 'LAPTOP-RSTFGJU4\\Vedant Wartikar', 'pid': 2668, 'vms': 92.87109375}
{'name': 'chrome.exe', 'username': 'LAPTOP-RSTFGJU4\\Vedant Wartikar', 'pid': 2692, 'vms': 204.59765625}
{'name': 'svchost.exe', 'username': None, 'pid': 2728, 'vms': 2.88671875}
{'name': 'svchost.exe', 'username': None, 'pid': 2856, 'vms': 2.4140625}
{'name': 'svchost.exe', 'username': None, 'pid': 2924, 'vms': 3.26953125}
{'name': 'svchost.exe', 'username': None, 'pid': 3028, 'vms': 1.8828125}
{'name': 'svchost.exe', 'username': None, 'pid': 3036, 'vms': 2.7578125}
{'name': 'svchost.exe', 'username': None, 'pid': 3164, 'vms': 2.3359375}
{'name': 'svchost.exe', 'username': None, 'pid': 3252, 'vms': 4.90234375}
{'name': 'svchost.exe', 'username': None, 'pid': 3256, 'vms': 6.296875}
{'name': 'svchost.exe', 'username': None, 'pid': 3276, 'vms': 2.25}
{'name': 'svchost.exe', 'username': None, 'pid': 3348, 'vms': 2.9609375}
{'name': 'AvastSvc.exe', 'username': None, 'pid': 3368, 'vms': 171.875}
{'name': 'svchost.exe', 'username': None, 'pid': 3432, 'vms': 9.2421875}
{'name': 'svchost.exe', 'username': None, 'pid': 3744, 'vms': 6.03515625}
{'name': 'spoolsv.exe', 'username': None, 'pid': 3764, 'vms': 5.17578125}
{'name': 'chrome.exe', 'username': 'LAPTOP-RSTFGJU4\\Vedant Wartikar', 'pid': 3788, 'vms': 34.90625}
{'name': 'svchost.exe', 'username': None, 'pid': 3796, 'vms': 11.796875}
{'name': 'dwm.exe', 'username': None, 'pid': 3844, 'vms': 80.1015625}
{'name': 'python.exe', 'username': 'LAPTOP-RSTFGJU4\\Vedant Wartikar', 'pid': 3860, 'vms': 271.4453125}
{'name': 'svchost.exe', 'username': None, 'pid': 3912, 'vms': 1.9453125}
{'name': 'NVIDIA Share.exe', 'username': 'LAPTOP-RSTFGJU4\\Vedant Wartikar', 'pid': 4076, 'vms': 20.46484375}
{'name': 'mDNSResponder.exe', 'username': None, 'pid': 4128, 'vms': 1.9375}
{'name': 'AdminService.exe', 'username': None, 'pid': 4136, 'vms': 3.9921875}
{'name': 'AiSquared.Magnification.Service.exe', 'username': None, 'pid': 4144, 'vms': 2.82421875}
{'name': 'Crypserv.exe', 'username': None, 'pid': 4152, 'vms': 3.2265625}
{'name': 'svchost.exe', 'username': None, 'pid': 4160, 'vms': 18.56640625}
{'name': 'svchost.exe', 'username': None, 'pid': 4176, 'vms': 30.29296875}
{'name': 'svchost.exe', 'username': None, 'pid': 4184, 'vms': 5.4375}
{'name': 'svchost.exe', 'username': None, 'pid': 4208, 'vms': 1.5859375}
{'name': 'svchost.exe', 'username': None, 'pid': 4216, 'vms': 5.1015625}
{'name': 'svchost.exe', 'username': None, 'pid': 4228, 'vms': 1.5078125}
{'name': 'svchost.exe', 'username': 'LAPTOP-RSTFGJU4\\Vedant Wartikar', 'pid': 4240, 'vms': 1.84375}
{'name': 'ZoomTextHelperService.exe', 'username': None, 'pid': 4244, 'vms': 0.859375}
{'name': 'armsvc.exe', 'username': None, 'pid': 4252, 'vms': 1.82421875}
{'name': 'svchost.exe', 'username': None, 'pid': 4260, 'vms': 1.953125}
{'name': 'svchost.exe', 'username': None, 'pid': 4268, 'vms': 1.25390625}
{'name': 'svchost.exe', 'username': None, 'pid': 4276, 'vms': 5.04296875}
{'name': 'Lavasoft.WCAssistant.WinService.exe', 'username': None, 'pid': 4284, 'vms': 36.875}
{'name': 'Updater.exe', 'username': None, 'pid': 4292, 'vms': 4.77734375}
{'name': 'AppleMobileDeviceService.exe', 'username': None, 'pid': 4300, 'vms': 3.40625}
{'name': 'nvcontainer.exe', 'username': None, 'pid': 4312, 'vms': 13.95703125}
{'name': 'OfficeClickToRun.exe', 'username': None, 'pid': 4364, 'vms': 34.47265625}
{'name': 'svchost.exe', 'username': None, 'pid': 4416, 'vms': 5.66015625}
{'name': 'svchost.exe', 'username': None, 'pid': 4436, 'vms': 2.3359375}
{'name': 'svchost.exe', 'username': None, 'pid': 4576, 'vms': 2.34765625}
{'name': 'RuntimeBroker.exe', 'username': 'LAPTOP-RSTFGJU4\\Vedant Wartikar', 'pid': 4668, 'vms': 3.16015625}
{'name': 'svchost.exe', 'username': None, 'pid': 4816, 'vms': 1.30078125}
{'name': 'CompPkgSrv.exe', 'username': 'LAPTOP-RSTFGJU4\\Vedant Wartikar', 'pid': 4840, 'vms': 1.74609375}
{'name': 'backgroundTaskHost.exe', 'username': 'LAPTOP-RSTFGJU4\\Vedant Wartikar', 'pid': 4856, 'vms': 8.4296875}
{'name': 'svchost.exe', 'username': None, 'pid': 4872, 'vms': 3.671875}
{'name': 'dasHost.exe', 'username': None, 'pid': 4972, 'vms': 1.25}
{'name': 'chrome.exe', 'username': 'LAPTOP-RSTFGJU4\\Vedant Wartikar', 'pid': 5032, 'vms': 2.29296875}
{'name': 'svchost.exe', 'username': None, 'pid': 5176, 'vms': 3.5390625}
{'name': 'svchost.exe', 'username': None, 'pid': 5324, 'vms': 1.7734375}
{'name': 'RAVBg64.exe', 'username': 'LAPTOP-RSTFGJU4\\Vedant Wartikar', 'pid': 5344, 'vms': 6.1953125}
{'name': 'svchost.exe', 'username': None, 'pid': 5568, 'vms': 2.23828125}
{'name': 'NVIDIA Share.exe', 'username': 'LAPTOP-RSTFGJU4\\Vedant Wartikar', 'pid': 5576, 'vms': 45.26171875}
{'name': 'Skype.exe', 'username': 'LAPTOP-RSTFGJU4\\Vedant Wartikar', 'pid': 5772, 'vms': 10.76953125}
{'name': 'jusched.exe', 'username': 'LAPTOP-RSTFGJU4\\Vedant Wartikar', 'pid': 5800, 'vms': 1.79296875}
{'name': 'ctfmon.exe', 'username': 'LAPTOP-RSTFGJU4\\Vedant Wartikar', 'pid': 5820, 'vms': 3.9609375}
{'name': 'svchost.exe', 'username': None, 'pid': 5888, 'vms': 2.15625}
{'name': 'chrome.exe', 'username': 'LAPTOP-RSTFGJU4\\Vedant Wartikar', 'pid': 5924, 'vms': 64.640625}
{'name': 'chrome.exe', 'username': 'LAPTOP-RSTFGJU4\\Vedant Wartikar', 'pid': 5988, 'vms': 370.4765625}
{'name': 'RuntimeBroker.exe', 'username': 'LAPTOP-RSTFGJU4\\Vedant Wartikar', 'pid': 6140, 'vms': 6.671875}
{'name': 'aswEngSrv.exe', 'username': None, 'pid': 6248, 'vms': 73.34375}
{'name': 'YourPhoneServer.exe', 'username': 'LAPTOP-RSTFGJU4\\Vedant Wartikar', 'pid': 6424, 'vms': 7.8046875}
{'name': 'Microsoft.Photos.exe', 'username': 'LAPTOP-RSTFGJU4\\Vedant Wartikar', 'pid': 6444, 'vms': 49.42578125}
{'name': 'SearchFilterHost.exe', 'username': None, 'pid': 6616, 'vms': 1.5234375}
{'name': 'SearchIndexer.exe', 'username': None, 'pid': 6700, 'vms': 46.640625}
{'name': 'Code.exe', 'username': 'LAPTOP-RSTFGJU4\\Vedant Wartikar', 'pid': 7060, 'vms': 44.30078125}
{'name': 'svchost.exe', 'username': None, 'pid': 7072, 'vms': 2.82421875}
{'name': 'AvastUI.exe', 'username': 'LAPTOP-RSTFGJU4\\Vedant Wartikar', 'pid': 7132, 'vms': 15.77734375}
{'name': 'CodeHelper.exe', 'username': 'LAPTOP-RSTFGJU4\\Vedant Wartikar', 'pid': 7240, 'vms': 11.1015625}
{'name': 'svchost.exe', 'username': None, 'pid': 7256, 'vms': 3.85546875}
{'name': 'svchost.exe', 'username': None, 'pid': 7360, 'vms': 1.7890625}
{'name': 'python.exe', 'username': 'LAPTOP-RSTFGJU4\\Vedant Wartikar', 'pid': 7464, 'vms': 97.24609375}
{'name': 'AvastUI.exe', 'username': 'LAPTOP-RSTFGJU4\\Vedant Wartikar', 'pid': 7476, 'vms': 42.02734375}
{'name': 'aswidsagent.exe', 'username': None, 'pid': 7648, 'vms': 34.34765625}
{'name': 'AiSquared.Loader.Elevated.exe', 'username': 'LAPTOP-RSTFGJU4\\Vedant Wartikar', 'pid': 7920, 'vms': 31.96875}
{'name': 'Code.exe', 'username': 'LAPTOP-RSTFGJU4\\Vedant Wartikar', 'pid': 7996, 'vms': 221.09765625}
{'name': 'chrome.exe', 'username': 'LAPTOP-RSTFGJU4\\Vedant Wartikar', 'pid': 8044, 'vms': 21.55078125}
{'name': 'chrome.exe', 'username': 'LAPTOP-RSTFGJU4\\Vedant Wartikar', 'pid': 8140, 'vms': 200.52734375}
{'name': 'svchost.exe', 'username': None, 'pid': 8168, 'vms': 4.17578125}
{'name': 'WinStore.App.exe', 'username': 'LAPTOP-RSTFGJU4\\Vedant Wartikar', 'pid': 8284, 'vms': 46.37109375}
{'name': 'RuntimeBroker.exe', 'username': 'LAPTOP-RSTFGJU4\\Vedant Wartikar', 'pid': 8296, 'vms': 4.9921875}
{'name': 'winlogon.exe', 'username': None, 'pid': 8496, 'vms': 2.7421875}
{'name': 'ZtUac64.exe', 'username': 'LAPTOP-RSTFGJU4\\Vedant Wartikar', 'pid': 8624, 'vms': 1.515625}
{'name': 'conhost.exe', 'username': 'LAPTOP-RSTFGJU4\\Vedant Wartikar', 'pid': 8760, 'vms': 6.4765625}
{'name': 'fontdrvhost.exe', 'username': None, 'pid': 8836, 'vms': 4.08203125}
{'name': 'OneDrive.exe', 'username': 'LAPTOP-RSTFGJU4\\Vedant Wartikar', 'pid': 8840, 'vms': 14.74609375}
{'name': 'AiSquared.Loader.Elevated.exe', 'username': 'LAPTOP-RSTFGJU4\\Vedant Wartikar', 'pid': 8928, 'vms': 14.5625}
{'name': 'backgroundTaskHost.exe', 'username': 'LAPTOP-RSTFGJU4\\Vedant Wartikar', 'pid': 9104, 'vms': 15.0546875}
{'name': 'svchost.exe', 'username': None, 'pid': 9260, 'vms': 1.9375}
{'name': 'dllhost.exe', 'username': None, 'pid': 9320, 'vms': 3.09765625}
{'name': 'svchost.exe', 'username': 'LAPTOP-RSTFGJU4\\Vedant Wartikar', 'pid': 9452, 'vms': 11.0625}
{'name': 'chrome.exe', 'username': 'LAPTOP-RSTFGJU4\\Vedant Wartikar', 'pid': 9576, 'vms': 35.81640625}
{'name': 'chrome.exe', 'username': 'LAPTOP-RSTFGJU4\\Vedant Wartikar', 'pid': 9872, 'vms': 54.76171875}
{'name': 'Skype.exe', 'username': 'LAPTOP-RSTFGJU4\\Vedant Wartikar', 'pid': 9928, 'vms': 32.234375}
{'name': 'RuntimeBroker.exe', 'username': 'LAPTOP-RSTFGJU4\\Vedant Wartikar', 'pid': 9984, 'vms': 3.421875}
{'name': 'RAVCpl64.exe', 'username': 'LAPTOP-RSTFGJU4\\Vedant Wartikar', 'pid': 9988, 'vms': 4.93359375}
{'name': 'chrome.exe', 'username': 'LAPTOP-RSTFGJU4\\Vedant Wartikar', 'pid': 10128, 'vms': 12.359375}
{'name': 'LockApp.exe', 'username': 'LAPTOP-RSTFGJU4\\Vedant Wartikar', 'pid': 10308, 'vms': 14.3671875}
{'name': 'Code.exe', 'username': 'LAPTOP-RSTFGJU4\\Vedant Wartikar', 'pid': 10396, 'vms': 82.99609375}
{'name': 'chrome.exe', 'username': 'LAPTOP-RSTFGJU4\\Vedant Wartikar', 'pid': 10672, 'vms': 124.12890625}
{'name': 'chrome.exe', 'username': 'LAPTOP-RSTFGJU4\\Vedant Wartikar', 'pid': 10704, 'vms': 24.4140625}
{'name': 'chrome.exe', 'username': 'LAPTOP-RSTFGJU4\\Vedant Wartikar', 'pid': 10728, 'vms': 18.8359375}
{'name': 'svchost.exe', 'username': None, 'pid': 10736, 'vms': 4.21875}
{'name': 'conhost.exe', 'username': 'LAPTOP-RSTFGJU4\\Vedant Wartikar', 'pid': 10836, 'vms': 1.7421875}
{'name': 'python.exe', 'username': 'LAPTOP-RSTFGJU4\\Vedant Wartikar', 'pid': 10924, 'vms': 275.01171875}
{'name': 'RuntimeBroker.exe', 'username': 'LAPTOP-RSTFGJU4\\Vedant Wartikar', 'pid': 10996, 'vms': 7.4609375}
{'name': 'chrome.exe', 'username': 'LAPTOP-RSTFGJU4\\Vedant Wartikar', 'pid': 11064, 'vms': 68.20703125}
{'name': 'AcerRegistrationBackGroundTask.exe', 'username': 'LAPTOP-RSTFGJU4\\Vedant Wartikar', 'pid': 11164, 'vms': 38.48828125}
{'name': 'SgrmBroker.exe', 'username': None, 'pid': 11176, 'vms': 3.05078125}
{'name': 'SystemSettings.exe', 'username': 'LAPTOP-RSTFGJU4\\Vedant Wartikar', 'pid': 11328, 'vms': 23.1015625}
{'name': 'dllhost.exe', 'username': 'LAPTOP-RSTFGJU4\\Vedant Wartikar', 'pid': 11420, 'vms': 2.3984375}
{'name': 'unsecapp.exe', 'username': None, 'pid': 11468, 'vms': 1.55859375}
{'name': 'svchost.exe', 'username': 'LAPTOP-RSTFGJU4\\Vedant Wartikar', 'pid': 11476, 'vms': 3.6796875}
{'name': 'Code.exe', 'username': 'LAPTOP-RSTFGJU4\\Vedant Wartikar', 'pid': 11500, 'vms': 7.08203125}
{'name': 'backgroundTaskHost.exe', 'username': 'LAPTOP-RSTFGJU4\\Vedant Wartikar', 'pid': 11536, 'vms': 4.84765625}
{'name': 'Code.exe', 'username': 'LAPTOP-RSTFGJU4\\Vedant Wartikar', 'pid': 11560, 'vms': 40.8984375}
{'name': 'AiSquared.Loader.Generic.exe', 'username': 'LAPTOP-RSTFGJU4\\Vedant Wartikar', 'pid': 11652, 'vms': 39.78125}
{'name': 'RuntimeBroker.exe', 'username': 'LAPTOP-RSTFGJU4\\Vedant Wartikar', 'pid': 11736, 'vms': 12.6875}
{'name': 'nvcontainer.exe', 'username': 'LAPTOP-RSTFGJU4\\Vedant Wartikar', 'pid': 11800, 'vms': 31.44921875}
{'name': 'powershell.exe', 'username': 'LAPTOP-RSTFGJU4\\Vedant Wartikar', 'pid': 11808, 'vms': 66.70703125}
{'name': 'GoogleCrashHandler.exe', 'username': None, 'pid': 11904, 'vms': 1.81640625}
{'name': 'Code.exe', 'username': 'LAPTOP-RSTFGJU4\\Vedant Wartikar', 'pid': 12056, 'vms': 173.84765625}
{'name': 'chrome.exe', 'username': 'LAPTOP-RSTFGJU4\\Vedant Wartikar', 'pid': 12076, 'vms': 41.08203125}
{'name': 'svchost.exe', 'username': None, 'pid': 12096, 'vms': 4.875}
{'name': 'conhost.exe', 'username': 'LAPTOP-RSTFGJU4\\Vedant Wartikar', 'pid': 12224, 'vms': 6.51171875}
{'name': 'RAVBg64.exe', 'username': 'LAPTOP-RSTFGJU4\\Vedant Wartikar', 'pid': 12324, 'vms': 6.69140625}
{'name': 'powershell.exe', 'username': 'LAPTOP-RSTFGJU4\\Vedant Wartikar', 'pid': 12340, 'vms': 63.53515625}
{'name': 'NVDisplay.Container.exe', 'username': None, 'pid': 12392, 'vms': 29.6015625}
{'name': 'chrome.exe', 'username': 'LAPTOP-RSTFGJU4\\Vedant Wartikar', 'pid': 12640, 'vms': 7.7734375}
{'name': 'ShellExperienceHost.exe', 'username': 'LAPTOP-RSTFGJU4\\Vedant Wartikar', 'pid': 12644, 'vms': 14.30859375}
{'name': 'taskhostw.exe', 'username': 'LAPTOP-RSTFGJU4\\Vedant Wartikar', 'pid': 12652, 'vms': 9.01953125}
{'name': 'jhi_service.exe', 'username': None, 'pid': 12732, 'vms': 1.453125}
{'name': 'conhost.exe', 'username': 'LAPTOP-RSTFGJU4\\Vedant Wartikar', 'pid': 12740, 'vms': 6.515625}
{'name': 'SecurityHealthService.exe', 'username': None, 'pid': 12844, 'vms': 4.1484375}
{'name': 'conhost.exe', 'username': 'LAPTOP-RSTFGJU4\\Vedant Wartikar', 'pid': 12880, 'vms': 1.6875}
{'name': 'explorer.exe', 'username': 'LAPTOP-RSTFGJU4\\Vedant Wartikar', 'pid': 12972, 'vms': 75.89453125}
{'name': 'RuntimeBroker.exe', 'username': 'LAPTOP-RSTFGJU4\\Vedant Wartikar', 'pid': 13080, 'vms': 6.5}
{'name': 'SecurityHealthSystray.exe', 'username': 'LAPTOP-RSTFGJU4\\Vedant Wartikar', 'pid': 13220, 'vms': 2.078125}
{'name': 'chrome.exe', 'username': 'LAPTOP-RSTFGJU4\\Vedant Wartikar', 'pid': 13340, 'vms': 67.73828125}
{'name': 'svchost.exe', 'username': None, 'pid': 13388, 'vms': 2.22265625}
{'name': 'RuntimeBroker.exe', 'username': 'LAPTOP-RSTFGJU4\\Vedant Wartikar', 'pid': 13496, 'vms': 5.84765625}
{'name': 'WmiPrvSE.exe', 'username': None, 'pid': 13516, 'vms': 3.91796875}
{'name': 'nvcontainer.exe', 'username': 'LAPTOP-RSTFGJU4\\Vedant Wartikar', 'pid': 13536, 'vms': 7.2578125}
{'name': 'sihost.exe', 'username': 'LAPTOP-RSTFGJU4\\Vedant Wartikar', 'pid': 13572, 'vms': 10.65234375}
{'name': 'svchost.exe', 'username': 'LAPTOP-RSTFGJU4\\Vedant Wartikar', 'pid': 13608, 'vms': 14.1484375}
{'name': 'svchost.exe', 'username': None, 'pid': 13636, 'vms': 1.8984375}
{'name': 'NVIDIA Web Helper.exe', 'username': 'LAPTOP-RSTFGJU4\\Vedant Wartikar', 'pid': 13660, 'vms': 30.23046875}
{'name': 'svchost.exe', 'username': 'LAPTOP-RSTFGJU4\\Vedant Wartikar', 'pid': 13664, 'vms': 13.84765625}
{'name': 'SearchProtocolHost.exe', 'username': None, 'pid': 13668, 'vms': 2.78515625}
{'name': 'svchost.exe', 'username': None, 'pid': 13688, 'vms': 3.0703125}
{'name': 'chrome.exe', 'username': 'LAPTOP-RSTFGJU4\\Vedant Wartikar', 'pid': 13692, 'vms': 22.36328125}
{'name': 'GoogleCrashHandler64.exe', 'username': None, 'pid': 13700, 'vms': 1.796875}
{'name': 'svchost.exe', 'username': None, 'pid': 13788, 'vms': 3.171875}
{'name': 'RuntimeBroker.exe', 'username': 'LAPTOP-RSTFGJU4\\Vedant Wartikar', 'pid': 13960, 'vms': 9.41015625}
{'name': 'StartMenuExperienceHost.exe', 'username': 'LAPTOP-RSTFGJU4\\Vedant Wartikar', 'pid': 13968, 'vms': 29.1328125}
{'name': 'NVIDIA Share.exe', 'username': 'LAPTOP-RSTFGJU4\\Vedant Wartikar', 'pid': 14232, 'vms': 33.97265625}
{'name': 'ApplicationFrameHost.exe', 'username': 'LAPTOP-RSTFGJU4\\Vedant Wartikar', 'pid': 14496, 'vms': 20.44921875}
{'name': 'svchost.exe', 'username': None, 'pid': 14832, 'vms': 1.484375}
{'name': 'chrome.exe', 'username': 'LAPTOP-RSTFGJU4\\Vedant Wartikar', 'pid': 14884, 'vms': 52.95703125}
{'name': 'SettingSyncHost.exe', 'username': 'LAPTOP-RSTFGJU4\\Vedant Wartikar', 'pid': 14932, 'vms': 6.91796875}
{'name': 'svchost.exe', 'username': None, 'pid': 14936, 'vms': 2.05859375}
{'name': 'igfxEM.exe', 'username': 'LAPTOP-RSTFGJU4\\Vedant Wartikar', 'pid': 14964, 'vms': 3.7578125}
{'name': 'DolbyDAX2API.exe', 'username': None, 'pid': 15012, 'vms': 29.99609375}
{'name': 'LMS.exe', 'username': None, 'pid': 15096, 'vms': 3.3671875}
