--------------------------------------------------------------------------------
Process Log at Fri Aug 14 18:15:44 2020
--------------------------------------------------------------------------------
{'num_threads': 8, 'username': 'NT AUTHORITY\\SYSTEM', 'num_handles': 0, 'ppid': 0, 'memory_percent': 4.802491532607116e-05, 'pid': 0, 'name': 'System Idle Process', 'create_time': 1597390651.0, 'vms': 0.05859375}
{'num_threads': 234, 'username': 'NT AUTHORITY\\SYSTEM', 'num_handles': 5185, 'ppid': 0, 'memory_percent': 0.02994353470580537, 'pid': 4, 'name': 'System', 'create_time': 1597390651.0, 'vms': 0.19921875}
{'num_threads': 8, 'username': None, 'num_handles': 380, 'ppid': 868, 'memory_percent': 0.2695878621829005, 'pid': 88, 'name': 'DolbyDAX2API.exe', 'create_time': 1597390792.0, 'vms': 29.6328125}
{'num_threads': 26, 'username': None, 'num_handles': 1291, 'ppid': 868, 'memory_percent': 0.20571472479922584, 'pid': 92, 'name': 'svchost.exe', 'create_time': 1597390660.0, 'vms': 14.2890625}
{'num_threads': 4, 'username': None, 'num_handles': 0, 'ppid': 4, 'memory_percent': 0.626220883394305, 'pid': 120, 'name': 'Registry', 'create_time': 1597390651.0, 'vms': 11.01171875}
{'num_threads': 5, 'username': 'LAPTOP-RSTFGJU4\\Vedant Wartikar', 'num_handles': 119, 'ppid': 2328, 'memory_percent': 0.044158909642322434, 'pid': 204, 'name': 'conhost.exe', 'create_time': 1597409141.0, 'vms': 1.703125}
{'num_threads': 2, 'username': None, 'num_handles': 53, 'ppid': 4, 'memory_percent': 0.007323799587225852, 'pid': 444, 'name': 'smss.exe', 'create_time': 1597390653.0, 'vms': 1.15234375}
{'num_threads': 18, 'username': 'LAPTOP-RSTFGJU4\\Vedant Wartikar', 'num_handles': 793, 'ppid': 92, 'memory_percent': 0.005883052127443718, 'pid': 464, 'name': 'Microsoft.Photos.exe', 'create_time': 1597398190.0, 'vms': 48.765625}
{'num_threads': 20, 'username': None, 'num_handles': 697, 'ppid': 868, 'memory_percent': 0.333364949735923, 'pid': 480, 'name': 'OfficeClickToRun.exe', 'create_time': 1597390668.0, 'vms': 34.21875}
{'num_threads': 6, 'username': None, 'num_handles': 275, 'ppid': 788, 'memory_percent': 0.07467874333204066, 'pid': 516, 'name': 'winlogon.exe', 'create_time': 1597390660.0, 'vms': 2.8515625}
{'num_threads': 5, 'username': None, 'num_handles': 32, 'ppid': 796, 'memory_percent': 0.022211523338307913, 'pid': 520, 'name': 'fontdrvhost.exe', 'create_time': 1597390660.0, 'vms': 1.72265625}
{'num_threads': 17, 'username': None, 'num_handles': 801, 'ppid': 596, 'memory_percent': 0.034722013780749454, 'pid': 692, 'name': 'csrss.exe', 'create_time': 1597390658.0, 'vms': 2.25}
{'num_threads': 1, 'username': None, 'num_handles': 156, 'ppid': 596, 'memory_percent': 0.04108531506145388, 'pid': 796, 'name': 'wininit.exe', 'create_time': 1597390660.0, 'vms': 1.3515625}
{'num_threads': 13, 'username': None, 'num_handles': 836, 'ppid': 788, 'memory_percent': 0.036763072682107475, 'pid': 804, 'name': 'csrss.exe', 'create_time': 1597390660.0, 'vms': 2.4609375}
{'num_threads': 8, 'username': None, 'num_handles': 730, 'ppid': 796, 'memory_percent': 0.06344091314574002, 'pid': 868, 'name': 'services.exe', 'create_time': 1597390660.0, 'vms': 5.4453125}
{'num_threads': 10, 'username': None, 'num_handles': 1445, 'ppid': 796, 'memory_percent': 0.11530782169789687, 'pid': 888, 'name': 'lsass.exe', 'create_time': 1597390660.0, 'vms': 7.22265625}
{'num_threads': 5, 'username': None, 'num_handles': 223, 'ppid': 868, 'memory_percent': 0.08070587020546259, 'pid': 900, 'name': 'svchost.exe', 'create_time': 1597390661.0, 'vms': 2.46875}
{'num_threads': 3, 'username': None, 'num_handles': 226, 'ppid': 868, 'memory_percent': 0.07391034468682352, 'pid': 908, 'name': 'svchost.exe', 'create_time': 1597390661.0, 'vms': 2.9375}
{'num_threads': 2, 'username': None, 'num_handles': 86, 'ppid': 868, 'memory_percent': 0.023772333086405226, 'pid': 996, 'name': 'svchost.exe', 'create_time': 1597390660.0, 'vms': 0.953125}
{'num_threads': 5, 'username': None, 'num_handles': 32, 'ppid': 516, 'memory_percent': 0.047160466850201886, 'pid': 1032, 'name': 'fontdrvhost.exe', 'create_time': 1597390660.0, 'vms': 3.55859375}
{'num_threads': 15, 'username': None, 'num_handles': 1417, 'ppid': 868, 'memory_percent': 0.10916063253615976, 'pid': 1092, 'name': 'svchost.exe', 'create_time': 1597390660.0, 'vms': 9.70703125}
{'num_threads': 4, 'username': None, 'num_handles': 271, 'ppid': 868, 'memory_percent': 0.03513022556102106, 'pid': 1112, 'name': 'svchost.exe', 'create_time': 1597390661.0, 'vms': 1.34375}
{'num_threads': 12, 'username': 'LAPTOP-RSTFGJU4\\Vedant Wartikar', 'num_handles': 533, 'ppid': 92, 'memory_percent': 0.3237119417553827, 'pid': 1124, 'name': 'LockApp.exe', 'create_time': 1597404425.0, 'vms': 13.68359375}
{'num_threads': 5, 'username': None, 'num_handles': 301, 'ppid': 868, 'memory_percent': 0.04840911464867973, 'pid': 1140, 'name': 'svchost.exe', 'create_time': 1597390660.0, 'vms': 2.63671875}
{'num_threads': 5, 'username': None, 'num_handles': 179, 'ppid': 868, 'memory_percent': 0.04776077829177778, 'pid': 1192, 'name': 'svchost.exe', 'create_time': 1597390661.0, 'vms': 1.96875}
{'num_threads': 13, 'username': None, 'num_handles': 964, 'ppid': 516, 'memory_percent': 0.719389219126883, 'pid': 1196, 'name': 'dwm.exe', 'create_time': 1597390660.0, 'vms': 93.2265625}
{'num_threads': 11, 'username': None, 'num_handles': 389, 'ppid': 868, 'memory_percent': 0.09223184988371967, 'pid': 1260, 'name': 'svchost.exe', 'create_time': 1597390792.0, 'vms': 4.82421875}
{'num_threads': 4, 'username': None, 'num_handles': 259, 'ppid': 868, 'memory_percent': 0.0665385201842716, 'pid': 1304, 'name': 'svchost.exe', 'create_time': 1597390661.0, 'vms': 2.60546875}
{'num_threads': 5, 'username': None, 'num_handles': 167, 'ppid': 868, 'memory_percent': 0.07479880562035585, 'pid': 1336, 'name': 'svchost.exe', 'create_time': 1597390661.0, 'vms': 2.23828125}
{'num_threads': 3, 'username': None, 'num_handles': 250, 'ppid': 868, 'memory_percent': 0.05213104558645025, 'pid': 1368, 'name': 'svchost.exe', 'create_time': 1597390661.0, 'vms': 2.12109375}
{'num_threads': 7, 'username': None, 'num_handles': 236, 'ppid': 868, 'memory_percent': 0.06341690068807698, 'pid': 1388, 'name': 'svchost.exe', 'create_time': 1597390673.0, 'vms': 2.75390625}
{'num_threads': 6, 'username': None, 'num_handles': 134, 'ppid': 868, 'memory_percent': 0.03645091073248802, 'pid': 1428, 'name': 'svchost.exe', 'create_time': 1597390661.0, 'vms': 1.54296875}
{'num_threads': 7, 'username': 'LAPTOP-RSTFGJU4\\Vedant Wartikar', 'num_handles': 320, 'ppid': 868, 'memory_percent': 0.14297017292571387, 'pid': 1456, 'name': 'svchost.exe', 'create_time': 1597390696.0, 'vms': 4.1640625}
{'num_threads': 13, 'username': 'LAPTOP-RSTFGJU4\\Vedant Wartikar', 'num_handles': 233, 'ppid': 2328, 'memory_percent': 0.21193395133395207, 'pid': 1476, 'name': 'Code.exe', 'create_time': 1597408989.0, 'vms': 19.09375}
{'num_threads': 23, 'username': 'LAPTOP-RSTFGJU4\\Vedant Wartikar', 'num_handles': 373, 'ppid': 2328, 'memory_percent': 0.8641843388349877, 'pid': 1516, 'name': 'Code.exe', 'create_time': 1597408987.0, 'vms': 120.95703125}
{'num_threads': 10, 'username': None, 'num_handles': 432, 'ppid': 868, 'memory_percent': 0.11141780355648512, 'pid': 1572, 'name': 'svchost.exe', 'create_time': 1597390661.0, 'vms': 15.08984375}
{'num_threads': 2, 'username': None, 'num_handles': 153, 'ppid': 868, 'memory_percent': 0.051602771517863466, 'pid': 1624, 'name': 'svchost.exe', 'create_time': 1597390661.0, 'vms': 1.77734375}
{'num_threads': 4, 'username': None, 'num_handles': 152, 'ppid': 868, 'memory_percent': 0.05561285194759041, 'pid': 1676, 'name': 'svchost.exe', 'create_time': 1597390661.0, 'vms': 5.02734375}
{'num_threads': 9, 'username': None, 'num_handles': 235, 'ppid': 868, 'memory_percent': 0.04694435473123457, 'pid': 1708, 'name': 'svchost.exe', 'create_time': 1597390661.0, 'vms': 2.46875}
{'num_threads': 5, 'username': None, 'num_handles': 221, 'ppid': 868, 'memory_percent': 0.07431855646709513, 'pid': 1732, 'name': 'svchost.exe', 'create_time': 1597390832.0, 'vms': 3.08203125}
{'num_threads': 7, 'username': None, 'num_handles': 323, 'ppid': 868, 'memory_percent': 0.10042009794681481, 'pid': 1800, 'name': 'NVDisplay.Container.exe', 'create_time': 1597390661.0, 'vms': 5.73828125}
{'num_threads': 17, 'username': 'LAPTOP-RSTFGJU4\\Vedant Wartikar', 'num_handles': 348, 'ppid': 2924, 'memory_percent': 0.631623686368488, 'pid': 1840, 'name': 'chrome.exe', 'create_time': 1597408581.0, 'vms': 69.828125}
{'num_threads': 5, 'username': None, 'num_handles': 302, 'ppid': 868, 'memory_percent': 0.07760826316693101, 'pid': 1864, 'name': 'svchost.exe', 'create_time': 1597390661.0, 'vms': 2.74609375}
{'num_threads': 7, 'username': None, 'num_handles': 381, 'ppid': 868, 'memory_percent': 0.07609547833415976, 'pid': 1892, 'name': 'svchost.exe', 'create_time': 1597390661.0, 'vms': 4.72265625}
{'num_threads': 10, 'username': None, 'num_handles': 407, 'ppid': 868, 'memory_percent': 0.09660211717839215, 'pid': 1920, 'name': 'svchost.exe', 'create_time': 1597390661.0, 'vms': 6.3828125}
{'num_threads': 4, 'username': None, 'num_handles': 174, 'ppid': 868, 'memory_percent': 0.04778479074944081, 'pid': 1936, 'name': 'svchost.exe', 'create_time': 1597403261.0, 'vms': 2.21484375}
{'num_threads': 6, 'username': None, 'num_handles': 182, 'ppid': 868, 'memory_percent': 0.06344091314574002, 'pid': 1952, 'name': 'svchost.exe', 'create_time': 1597390661.0, 'vms': 2.24609375}
{'num_threads': 12, 'username': 'LAPTOP-RSTFGJU4\\Vedant Wartikar', 'num_handles': 524, 'ppid': 2924, 'memory_percent': 0.43123972717045606, 'pid': 2012, 'name': 'chrome.exe', 'create_time': 1597408578.0, 'vms': 51.83203125}
{'num_threads': 6, 'username': None, 'num_handles': 304, 'ppid': 868, 'memory_percent': 0.06711481916818446, 'pid': 2052, 'name': 'wsc_proxy.exe', 'create_time': 1597390661.0, 'vms': 3.9609375}
{'num_threads': 17, 'username': None, 'num_handles': 307, 'ppid': 868, 'memory_percent': 0.052251107874765425, 'pid': 2104, 'name': 'svchost.exe', 'create_time': 1597390661.0, 'vms': 3.63671875}
{'num_threads': 2, 'username': None, 'num_handles': 182, 'ppid': 868, 'memory_percent': 0.05177085872150472, 'pid': 2184, 'name': 'svchost.exe', 'create_time': 1597390662.0, 'vms': 1.94140625}
{'num_threads': 50, 'username': None, 'num_handles': 0, 'ppid': 4, 'memory_percent': 0.09458507073469716, 'pid': 2232, 'name': 'Memory Compression', 'create_time': 1597390662.0, 'vms': 0.14453125}
{'num_threads': 2, 'username': 'LAPTOP-RSTFGJU4\\Vedant Wartikar', 'num_handles': 128, 'ppid': 92, 'memory_percent': 0.049153500836233835, 'pid': 2276, 'name': 'RuntimeBroker.exe', 'create_time': 1597398096.0, 'vms': 1.80078125}
{'num_threads': 7, 'username': None, 'num_handles': 318, 'ppid': 868, 'memory_percent': 0.06279257678883805, 'pid': 2280, 'name': 'svchost.exe', 'create_time': 1597390662.0, 'vms': 2.8671875}
{'num_threads': 31, 'username': 'LAPTOP-RSTFGJU4\\Vedant Wartikar', 'num_handles': 561, 'ppid': 6620, 'memory_percent': 1.8523930214995539, 'pid': 2328, 'name': 'Code.exe', 'create_time': 1597408986.0, 'vms': 283.74609375}
{'num_threads': 2, 'username': None, 'num_handles': 170, 'ppid': 868, 'memory_percent': 0.05249123245139578, 'pid': 2332, 'name': 'igfxCUIService.exe', 'create_time': 1597390662.0, 'vms': 1.828125}
{'num_threads': 10, 'username': None, 'num_handles': 528, 'ppid': 868, 'memory_percent': 0.055420752286286123, 'pid': 2340, 'name': 'svchost.exe', 'create_time': 1597390662.0, 'vms': 2.921875}
{'num_threads': 14, 'username': 'LAPTOP-RSTFGJU4\\Vedant Wartikar', 'num_handles': 546, 'ppid': 92, 'memory_percent': 0.3537515262918402, 'pid': 2360, 'name': 'ShellExperienceHost.exe', 'create_time': 1597396274.0, 'vms': 17.01953125}
{'num_threads': 9, 'username': None, 'num_handles': 216, 'ppid': 868, 'memory_percent': 0.11482757254463616, 'pid': 2384, 'name': 'svchost.exe', 'create_time': 1597390662.0, 'vms': 9.9765625}
{'num_threads': 8, 'username': None, 'num_handles': 275, 'ppid': 868, 'memory_percent': 0.09614588048279447, 'pid': 2404, 'name': 'svchost.exe', 'create_time': 1597390734.0, 'vms': 4.8984375}
{'num_threads': 4, 'username': None, 'num_handles': 273, 'ppid': 868, 'memory_percent': 0.07448664367073637, 'pid': 2416, 'name': 'LMS.exe', 'create_time': 1597390793.0, 'vms': 3.28515625}
{'num_threads': 1, 'username': 'LAPTOP-RSTFGJU4\\Vedant Wartikar', 'num_handles': 128, 'ppid': 11632, 'memory_percent': 0.13190042994305445, 'pid': 2548, 'name': 'python.exe', 'create_time': 1597409143.0, 'vms': 15.49609375}
{'num_threads': 11, 'username': 'LAPTOP-RSTFGJU4\\Vedant Wartikar', 'num_handles': 703, 'ppid': 2328, 'memory_percent': 0.43289658674920545, 'pid': 2560, 'name': 'powershell.exe', 'create_time': 1597408987.0, 'vms': 58.640625}
{'num_threads': 4, 'username': None, 'num_handles': 227, 'ppid': 868, 'memory_percent': 0.070188413749053, 'pid': 2600, 'name': 'svchost.exe', 'create_time': 1597390663.0, 'vms': 2.5234375}
{'num_threads': 4, 'username': None, 'num_handles': 200, 'ppid': 868, 'memory_percent': 0.04932158803987508, 'pid': 2660, 'name': 'svchost.exe', 'create_time': 1597390663.0, 'vms': 2.01953125}
{'num_threads': 6, 'username': None, 'num_handles': 163, 'ppid': 868, 'memory_percent': 0.043510573285420476, 'pid': 2668, 'name': 'svchost.exe', 'create_time': 1597390663.0, 'vms': 1.80859375}
{'num_threads': 11, 'username': None, 'num_handles': 382, 'ppid': 868, 'memory_percent': 0.08663694724823238, 'pid': 2820, 'name': 'svchost.exe', 'create_time': 1597390664.0, 'vms': 3.4140625}
{'num_threads': 31, 'username': 'LAPTOP-RSTFGJU4\\Vedant Wartikar', 'num_handles': 1597, 'ppid': 5296, 'memory_percent': 1.30860690526245, 'pid': 2924, 'name': 'chrome.exe', 'create_time': 1597408578.0, 'vms': 147.66796875}
{'num_threads': 6, 'username': None, 'num_handles': 143, 'ppid': 868, 'memory_percent': 0.04031691641623675, 'pid': 2988, 'name': 'svchost.exe', 'create_time': 1597390664.0, 'vms': 1.90234375}
{'num_threads': 7, 'username': None, 'num_handles': 377, 'ppid': 868, 'memory_percent': 0.061543928990360194, 'pid': 2996, 'name': 'svchost.exe', 'create_time': 1597390664.0, 'vms': 2.703125}
{'num_threads': 3, 'username': None, 'num_handles': 216, 'ppid': 868, 'memory_percent': 0.05191493346748293, 'pid': 3096, 'name': 'AdminService.exe', 'create_time': 1597390668.0, 'vms': 3.3046875}
{'num_threads': 14, 'username': None, 'num_handles': 504, 'ppid': 868, 'memory_percent': 0.11542788398621205, 'pid': 3148, 'name': 'svchost.exe', 'create_time': 1597390665.0, 'vms': 6.06640625}
{'num_threads': 14, 'username': 'LAPTOP-RSTFGJU4\\Vedant Wartikar', 'num_handles': 221, 'ppid': 2924, 'memory_percent': 0.13360531443712997, 'pid': 3184, 'name': 'chrome.exe', 'create_time': 1597408912.0, 'vms': 11.98828125}
{'num_threads': 3, 'username': None, 'num_handles': 306, 'ppid': 868, 'memory_percent': 0.07266169688834567, 'pid': 3188, 'name': 'Updater.exe', 'create_time': 1597390668.0, 'vms': 4.78125}
{'num_threads': 5, 'username': None, 'num_handles': 186, 'ppid': 868, 'memory_percent': 0.05234715770541757, 'pid': 3196, 'name': 'Crypserv.exe', 'create_time': 1597390668.0, 'vms': 3.234375}
{'num_threads': 4, 'username': None, 'num_handles': 217, 'ppid': 868, 'memory_percent': 0.07741616350562672, 'pid': 3228, 'name': 'svchost.exe', 'create_time': 1597390666.0, 'vms': 2.50390625}
{'num_threads': 199, 'username': None, 'num_handles': 5596, 'ppid': 868, 'memory_percent': 1.4240828141639883, 'pid': 3264, 'name': 'AvastSvc.exe', 'create_time': 1597390666.0, 'vms': 166.78125}
{'num_threads': 20, 'username': 'LAPTOP-RSTFGJU4\\Vedant Wartikar', 'num_handles': 961, 'ppid': 92, 'memory_percent': 0.0023292083933144515, 'pid': 3432, 'name': 'WinStore.App.exe', 'create_time': 1597390780.0, 'vms': 50.5234375}
{'num_threads': 7, 'username': None, 'num_handles': 434, 'ppid': 868, 'memory_percent': 0.09016677852469861, 'pid': 3556, 'name': 'spoolsv.exe', 'create_time': 1597390667.0, 'vms': 5.26171875}
{'num_threads': 16, 'username': None, 'num_handles': 438, 'ppid': 868, 'memory_percent': 0.12349606976099199, 'pid': 3592, 'name': 'svchost.exe', 'create_time': 1597390667.0, 'vms': 11.34765625}
{'num_threads': 6, 'username': None, 'num_handles': 191, 'ppid': 868, 'memory_percent': 0.04987387456612491, 'pid': 3624, 'name': 'svchost.exe', 'create_time': 1597390667.0, 'vms': 2.08984375}
{'num_threads': 4, 'username': None, 'num_handles': 166, 'ppid': 868, 'memory_percent': 0.044495084049604935, 'pid': 3740, 'name': 'svchost.exe', 'create_time': 1597390671.0, 'vms': 1.79296875}
{'num_threads': 13, 'username': None, 'num_handles': 546, 'ppid': 868, 'memory_percent': 0.22670161279671897, 'pid': 3852, 'name': 'svchost.exe', 'create_time': 1597390668.0, 'vms': 18.55078125}
{'num_threads': 9, 'username': None, 'num_handles': 390, 'ppid': 868, 'memory_percent': 0.08786158258904721, 'pid': 3860, 'name': 'svchost.exe', 'create_time': 1597390668.0, 'vms': 4.66015625}
{'num_threads': 12, 'username': None, 'num_handles': 468, 'ppid': 868, 'memory_percent': 0.12337600747267681, 'pid': 3868, 'name': 'svchost.exe', 'create_time': 1597390668.0, 'vms': 9.85546875}
{'num_threads': 3, 'username': None, 'num_handles': 128, 'ppid': 868, 'memory_percent': 0.03383355284721713, 'pid': 3884, 'name': 'svchost.exe', 'create_time': 1597390668.0, 'vms': 1.26171875}
{'num_threads': 16, 'username': 'LAPTOP-RSTFGJU4\\Vedant Wartikar', 'num_handles': 332, 'ppid': 13084, 'memory_percent': 0.43006311674496733, 'pid': 3892, 'name': 'NVIDIA Share.exe', 'create_time': 1597390709.0, 'vms': 46.77734375}
{'num_threads': 2, 'username': None, 'num_handles': 146, 'ppid': 868, 'memory_percent': 0.03906826861775889, 'pid': 3904, 'name': 'svchost.exe', 'create_time': 1597390668.0, 'vms': 1.50390625}
{'num_threads': 3, 'username': None, 'num_handles': 165, 'ppid': 868, 'memory_percent': 0.03628282352884677, 'pid': 3920, 'name': 'svchost.exe', 'create_time': 1597390668.0, 'vms': 1.50390625}
{'num_threads': 2, 'username': None, 'num_handles': 135, 'ppid': 868, 'memory_percent': 0.03983666726297603, 'pid': 3928, 'name': 'svchost.exe', 'create_time': 1597390668.0, 'vms': 1.58984375}
{'num_threads': 5, 'username': None, 'num_handles': 182, 'ppid': 868, 'memory_percent': 0.049369612955201155, 'pid': 3936, 'name': 'svchost.exe', 'create_time': 1597390668.0, 'vms': 1.89453125}
{'num_threads': 23, 'username': None, 'num_handles': 413, 'ppid': 868, 'memory_percent': 0.25621292326458966, 'pid': 3948, 'name': 'svchost.exe', 'create_time': 1597390668.0, 'vms': 31.2890625}
{'num_threads': 2, 'username': None, 'num_handles': 174, 'ppid': 868, 'memory_percent': 0.040821178027160496, 'pid': 3956, 'name': 'mDNSResponder.exe', 'create_time': 1597390668.0, 'vms': 1.83203125}
{'num_threads': 8, 'username': None, 'num_handles': 228, 'ppid': 868, 'memory_percent': 0.07818456215084385, 'pid': 3972, 'name': 'AppleMobileDeviceService.exe', 'create_time': 1597390668.0, 'vms': 3.50390625}
{'num_threads': 8, 'username': None, 'num_handles': 435, 'ppid': 868, 'memory_percent': 0.13905614232663907, 'pid': 3980, 'name': 'svchost.exe', 'create_time': 1597390668.0, 'vms': 5.12890625}
{'num_threads': 6, 'username': None, 'num_handles': 550, 'ppid': 868, 'memory_percent': 0.31682036640609146, 'pid': 4004, 'name': 'Lavasoft.WCAssistant.WinService.exe', 'create_time': 1597390668.0, 'vms': 35.56640625}
{'num_threads': 10, 'username': 'LAPTOP-RSTFGJU4\\Vedant Wartikar', 'num_handles': 643, 'ppid': 14228, 'memory_percent': 0.037819620819281044, 'pid': 4012, 'name': 'AvastUI.exe', 'create_time': 1597390734.0, 'vms': 16.4375}
{'num_threads': 5, 'username': None, 'num_handles': 106, 'ppid': 868, 'memory_percent': 0.04279019955552941, 'pid': 4028, 'name': 'AiSquared.Magnification.Service.exe', 'create_time': 1597390668.0, 'vms': 2.90625}
{'num_threads': 38, 'username': None, 'num_handles': 703, 'ppid': 868, 'memory_percent': 0.23169620399063032, 'pid': 4060, 'name': 'nvcontainer.exe', 'create_time': 1597390668.0, 'vms': 13.75390625}
{'num_threads': 2, 'username': None, 'num_handles': 146, 'ppid': 868, 'memory_percent': 0.03918833090607407, 'pid': 4068, 'name': 'armsvc.exe', 'create_time': 1597390668.0, 'vms': 1.80859375}
{'num_threads': 2, 'username': None, 'num_handles': 68, 'ppid': 868, 'memory_percent': 0.021899361388688452, 'pid': 4076, 'name': 'ZoomTextHelperService.exe', 'create_time': 1597390668.0, 'vms': 0.87109375}
{'num_threads': 14, 'username': None, 'num_handles': 212, 'ppid': 868, 'memory_percent': 0.04420693455764851, 'pid': 4116, 'name': 'svchost.exe', 'create_time': 1597390668.0, 'vms': 2.3359375}
{'num_threads': 2, 'username': 'LAPTOP-RSTFGJU4\\Vedant Wartikar', 'num_handles': 215, 'ppid': 92, 'memory_percent': 0.12078266204506899, 'pid': 4144, 'name': 'RuntimeBroker.exe', 'create_time': 1597390781.0, 'vms': 5.359375}
{'num_threads': 6, 'username': None, 'num_handles': 208, 'ppid': 868, 'memory_percent': 0.054316179233786496, 'pid': 4236, 'name': 'svchost.exe', 'create_time': 1597390668.0, 'vms': 2.37109375}
{'num_threads': 4, 'username': 'LAPTOP-RSTFGJU4\\Vedant Wartikar', 'num_handles': 118, 'ppid': 4648, 'memory_percent': 0.04843312710634277, 'pid': 4260, 'name': 'conhost.exe', 'create_time': 1597397940.0, 'vms': 1.69921875}
{'num_threads': 17, 'username': 'LAPTOP-RSTFGJU4\\Vedant Wartikar', 'num_handles': 663, 'ppid': 92, 'memory_percent': 0.008500410012714597, 'pid': 4288, 'name': 'Video.UI.exe', 'create_time': 1597398095.0, 'vms': 19.671875}
{'num_threads': 6, 'username': None, 'num_handles': 517, 'ppid': 868, 'memory_percent': 0.08615669809497167, 'pid': 4384, 'name': 'svchost.exe', 'create_time': 1597390668.0, 'vms': 5.04296875}
{'num_threads': 8, 'username': None, 'num_handles': 238, 'ppid': 868, 'memory_percent': 0.04653614295096296, 'pid': 4424, 'name': 'svchost.exe', 'create_time': 1597390669.0, 'vms': 2.28125}
{'num_threads': 3, 'username': None, 'num_handles': 109, 'ppid': 868, 'memory_percent': 0.03284904208303268, 'pid': 4484, 'name': 'svchost.exe', 'create_time': 1597390668.0, 'vms': 1.3125}
{'num_threads': 2, 'username': None, 'num_handles': 139, 'ppid': 3904, 'memory_percent': 0.032416817845098034, 'pid': 4564, 'name': 'dasHost.exe', 'create_time': 1597390668.0, 'vms': 1.29296875}
{'num_threads': 14, 'username': None, 'num_handles': 404, 'ppid': 868, 'memory_percent': 0.0790249981690501, 'pid': 4576, 'name': 'svchost.exe', 'create_time': 1597390668.0, 'vms': 3.63671875}
{'num_threads': 28, 'username': 'LAPTOP-RSTFGJU4\\Vedant Wartikar', 'num_handles': 410, 'ppid': 6620, 'memory_percent': 0.45501206025686125, 'pid': 4604, 'name': 'Code.exe', 'create_time': 1597408989.0, 'vms': 47.23046875}
{'num_threads': 2, 'username': 'LAPTOP-RSTFGJU4\\Vedant Wartikar', 'num_handles': 112, 'ppid': 11632, 'memory_percent': 0.06709080671052142, 'pid': 4752, 'name': 'conhost.exe', 'create_time': 1597409142.0, 'vms': 6.5234375}
{'num_threads': 93, 'username': 'LAPTOP-RSTFGJU4\\Vedant Wartikar', 'num_handles': 2797, 'ppid': 9112, 'memory_percent': 1.0019197959901596, 'pid': 5296, 'name': 'explorer.exe', 'create_time': 1597390690.0, 'vms': 89.49609375}
{'num_threads': 14, 'username': 'LAPTOP-RSTFGJU4\\Vedant Wartikar', 'num_handles': 569, 'ppid': 92, 'memory_percent': 0.30114023155212927, 'pid': 5304, 'name': 'YourPhone.exe', 'create_time': 1597390700.0, 'vms': 21.67578125}
{'num_threads': 4, 'username': 'LAPTOP-RSTFGJU4\\Vedant Wartikar', 'num_handles': 464, 'ppid': 92, 'memory_percent': 0.19853499995797821, 'pid': 5408, 'name': 'RuntimeBroker.exe', 'create_time': 1597398192.0, 'vms': 11.96875}
{'num_threads': 2, 'username': None, 'num_handles': 129, 'ppid': 868, 'memory_percent': 0.04473520862623529, 'pid': 5460, 'name': 'svchost.exe', 'create_time': 1597390670.0, 'vms': 1.52734375}
{'num_threads': 12, 'username': 'LAPTOP-RSTFGJU4\\Vedant Wartikar', 'num_handles': 294, 'ppid': 2328, 'memory_percent': 0.08248279207252723, 'pid': 5596, 'name': 'CodeHelper.exe', 'create_time': 1597408988.0, 'vms': 10.84375}
{'num_threads': 2, 'username': None, 'num_handles': 130, 'ppid': 4060, 'memory_percent': 0.04432699684596369, 'pid': 5668, 'name': 'rundll32.exe', 'create_time': 1597390671.0, 'vms': 1.6015625}
{'num_threads': 4, 'username': None, 'num_handles': 196, 'ppid': 92, 'memory_percent': 0.06418529933329412, 'pid': 5728, 'name': 'dllhost.exe', 'create_time': 1597390680.0, 'vms': 3.12109375}
{'num_threads': 8, 'username': None, 'num_handles': 213, 'ppid': 868, 'memory_percent': 0.06898779086590123, 'pid': 5940, 'name': 'svchost.exe', 'create_time': 1597390671.0, 'vms': 2.5078125}
{'num_threads': 1, 'username': 'LAPTOP-RSTFGJU4\\Vedant Wartikar', 'num_handles': 163, 'ppid': 1888, 'memory_percent': 0.050354123719385614, 'pid': 5996, 'name': 'jusched.exe', 'create_time': 1597390722.0, 'vms': 1.76953125}
{'num_threads': 33, 'username': None, 'num_handles': 733, 'ppid': 3264, 'memory_percent': 0.6770312438092883, 'pid': 6088, 'name': 'aswEngSrv.exe', 'create_time': 1597390671.0, 'vms': 60.734375}
{'num_threads': 22, 'username': 'LAPTOP-RSTFGJU4\\Vedant Wartikar', 'num_handles': 831, 'ppid': 92, 'memory_percent': 0.002305195935651416, 'pid': 6112, 'name': 'SystemSettings.exe', 'create_time': 1597390830.0, 'vms': 23.4609375}
{'num_threads': 80, 'username': None, 'num_handles': 914, 'ppid': 868, 'memory_percent': 0.42542871241600144, 'pid': 6256, 'name': 'SearchIndexer.exe', 'create_time': 1597390672.0, 'vms': 55.3515625}
{'num_threads': 14, 'username': 'LAPTOP-RSTFGJU4\\Vedant Wartikar', 'num_handles': 232, 'ppid': 2924, 'memory_percent': 0.21908966371753666, 'pid': 6372, 'name': 'chrome.exe', 'create_time': 1597408579.0, 'vms': 17.09375}
{'num_threads': 32, 'username': 'LAPTOP-RSTFGJU4\\Vedant Wartikar', 'num_handles': 775, 'ppid': 5296, 'memory_percent': 0.5463794616647116, 'pid': 6620, 'name': 'Code.exe', 'create_time': 1597408985.0, 'vms': 38.72265625}
{'num_threads': 18, 'username': 'LAPTOP-RSTFGJU4\\Vedant Wartikar', 'num_handles': 374, 'ppid': 2924, 'memory_percent': 0.8530665709370021, 'pid': 7104, 'name': 'chrome.exe', 'create_time': 1597408580.0, 'vms': 101.390625}
{'num_threads': 23, 'username': None, 'num_handles': 1431, 'ppid': 868, 'memory_percent': 0.3052463618125083, 'pid': 7188, 'name': 'aswidsagent.exe', 'create_time': 1597390673.0, 'vms': 36.80078125}
{'num_threads': 2, 'username': 'LAPTOP-RSTFGJU4\\Vedant Wartikar', 'num_handles': 284, 'ppid': 92, 'memory_percent': 0.11441936076436454, 'pid': 7340, 'name': 'RuntimeBroker.exe', 'create_time': 1597396275.0, 'vms': 5.94140625}
{'num_threads': 1, 'username': 'LAPTOP-RSTFGJU4\\Vedant Wartikar', 'num_handles': 111, 'ppid': 13356, 'memory_percent': 0.039716604974660855, 'pid': 7456, 'name': 'ZtUac64.exe', 'create_time': 1597404888.0, 'vms': 1.5234375}
{'num_threads': 4, 'username': 'LAPTOP-RSTFGJU4\\Vedant Wartikar', 'num_handles': 139, 'ppid': 92, 'memory_percent': 0.057797985594926646, 'pid': 7584, 'name': 'dllhost.exe', 'create_time': 1597391701.0, 'vms': 2.1953125}
{'num_threads': 8, 'username': None, 'num_handles': 272, 'ppid': 868, 'memory_percent': 0.05705359940737254, 'pid': 7696, 'name': 'svchost.exe', 'create_time': 1597390684.0, 'vms': 4.42578125}
{'num_threads': 3, 'username': None, 'num_handles': 132, 'ppid': 92, 'memory_percent': 0.04209383828330138, 'pid': 7924, 'name': 'unsecapp.exe', 'create_time': 1597390675.0, 'vms': 1.58203125}
{'num_threads': 8, 'username': 'LAPTOP-RSTFGJU4\\Vedant Wartikar', 'num_handles': 234, 'ppid': 6620, 'memory_percent': 0.09369660980116484, 'pid': 8060, 'name': 'Code.exe', 'create_time': 1597408987.0, 'vms': 7.43359375}
{'num_threads': 14, 'username': 'LAPTOP-RSTFGJU4\\Vedant Wartikar', 'num_handles': 239, 'ppid': 2924, 'memory_percent': 0.27278151905208425, 'pid': 8112, 'name': 'chrome.exe', 'create_time': 1597408579.0, 'vms': 21.66796875}
{'num_threads': 4, 'username': None, 'num_handles': 229, 'ppid': 868, 'memory_percent': 0.12179118526691649, 'pid': 8212, 'name': 'PresentationFontCache.exe', 'create_time': 1597390689.0, 'vms': 24.8984375}
{'num_threads': 7, 'username': 'LAPTOP-RSTFGJU4\\Vedant Wartikar', 'num_handles': 119, 'ppid': 2328, 'memory_percent': 0.04423094701531154, 'pid': 8252, 'name': 'conhost.exe', 'create_time': 1597408987.0, 'vms': 1.73828125}
{'num_threads': 28, 'username': None, 'num_handles': 653, 'ppid': 1800, 'memory_percent': 0.23697894467649816, 'pid': 8284, 'name': 'NVDisplay.Container.exe', 'create_time': 1597390687.0, 'vms': 31.03515625}
{'num_threads': 13, 'username': 'LAPTOP-RSTFGJU4\\Vedant Wartikar', 'num_handles': 336, 'ppid': 4060, 'memory_percent': 0.156561223962992, 'pid': 8496, 'name': 'nvcontainer.exe', 'create_time': 1597390688.0, 'vms': 7.16796875}
{'num_threads': 24, 'username': 'LAPTOP-RSTFGJU4\\Vedant Wartikar', 'num_handles': 427, 'ppid': 4060, 'memory_percent': 0.2779682099072999, 'pid': 8504, 'name': 'nvcontainer.exe', 'create_time': 1597390688.0, 'vms': 30.140625}
{'num_threads': 13, 'username': 'LAPTOP-RSTFGJU4\\Vedant Wartikar', 'num_handles': 625, 'ppid': 2280, 'memory_percent': 0.17778823653711545, 'pid': 8516, 'name': 'sihost.exe', 'create_time': 1597390688.0, 'vms': 7.63671875}
{'num_threads': 10, 'username': 'LAPTOP-RSTFGJU4\\Vedant Wartikar', 'num_handles': 468, 'ppid': 868, 'memory_percent': 0.17786027391010456, 'pid': 8524, 'name': 'svchost.exe', 'create_time': 1597390688.0, 'vms': 11.70703125}
{'num_threads': 2, 'username': 'LAPTOP-RSTFGJU4\\Vedant Wartikar', 'num_handles': 117, 'ppid': 868, 'memory_percent': 0.04235797531759477, 'pid': 8548, 'name': 'svchost.exe', 'create_time': 1597390688.0, 'vms': 1.84765625}
{'num_threads': 9, 'username': 'LAPTOP-RSTFGJU4\\Vedant Wartikar', 'num_handles': 569, 'ppid': 868, 'memory_percent': 0.2676428531121946, 'pid': 8572, 'name': 'svchost.exe', 'create_time': 1597390688.0, 'vms': 12.80859375}
{'num_threads': 7, 'username': 'LAPTOP-RSTFGJU4\\Vedant Wartikar', 'num_handles': 246, 'ppid': 1920, 'memory_percent': 0.09957966192860856, 'pid': 8688, 'name': 'taskhostw.exe', 'create_time': 1597390688.0, 'vms': 6.26953125}
{'num_threads': 10, 'username': None, 'num_handles': 294, 'ppid': 868, 'memory_percent': 0.12164711052093827, 'pid': 8704, 'name': 'svchost.exe', 'create_time': 1597390688.0, 'vms': 4.09765625}
{'num_threads': 4, 'username': None, 'num_handles': 167, 'ppid': 868, 'memory_percent': 0.04924955066688598, 'pid': 8760, 'name': 'svchost.exe', 'create_time': 1597390688.0, 'vms': 1.96484375}
{'num_threads': 14, 'username': 'LAPTOP-RSTFGJU4\\Vedant Wartikar', 'num_handles': 233, 'ppid': 2924, 'memory_percent': 0.2250687656756325, 'pid': 8804, 'name': 'chrome.exe', 'create_time': 1597408579.0, 'vms': 17.01171875}
{'num_threads': 12, 'username': 'LAPTOP-RSTFGJU4\\Vedant Wartikar', 'num_handles': 414, 'ppid': 8760, 'memory_percent': 0.09665014209371822, 'pid': 8836, 'name': 'ctfmon.exe', 'create_time': 1597390689.0, 'vms': 4.06640625}
{'num_threads': 9, 'username': 'LAPTOP-RSTFGJU4\\Vedant Wartikar', 'num_handles': 633, 'ppid': 10404, 'memory_percent': 0.39008237473601304, 'pid': 8952, 'name': 'AiSquared.Loader.Generic.exe', 'create_time': 1597390700.0, 'vms': 30.89453125}
{'num_threads': 4, 'username': None, 'num_handles': 142, 'ppid': 868, 'memory_percent': 0.04692034227357153, 'pid': 9036, 'name': 'svchost.exe', 'create_time': 1597390689.0, 'vms': 1.9609375}
{'num_threads': 4, 'username': None, 'num_handles': 176, 'ppid': 868, 'memory_percent': 0.06055941822617574, 'pid': 9104, 'name': 'svchost.exe', 'create_time': 1597390689.0, 'vms': 2.40234375}
{'num_threads': 8, 'username': None, 'num_handles': 416, 'ppid': 868, 'memory_percent': 0.11797320449849383, 'pid': 9156, 'name': 'svchost.exe', 'create_time': 1597390689.0, 'vms': 5.6875}
{'num_threads': 2, 'username': 'LAPTOP-RSTFGJU4\\Vedant Wartikar', 'num_handles': 112, 'ppid': 5596, 'memory_percent': 0.06759506832144516, 'pid': 9220, 'name': 'conhost.exe', 'create_time': 1597408988.0, 'vms': 6.515625}
{'num_threads': 3, 'username': 'LAPTOP-RSTFGJU4\\Vedant Wartikar', 'num_handles': 217, 'ppid': 8960, 'memory_percent': 0.08824578191165577, 'pid': 9252, 'name': 'igfxEM.exe', 'create_time': 1597390691.0, 'vms': 3.70703125}
{'num_threads': 9, 'username': 'LAPTOP-RSTFGJU4\\Vedant Wartikar', 'num_handles': 277, 'ppid': 2924, 'memory_percent': 0.10678339922751924, 'pid': 9264, 'name': 'chrome.exe', 'create_time': 1597408823.0, 'vms': 7.24609375}
{'num_threads': 10, 'username': 'LAPTOP-RSTFGJU4\\Vedant Wartikar', 'num_handles': 656, 'ppid': 868, 'memory_percent': 0.16679053092744517, 'pid': 9352, 'name': 'svchost.exe', 'create_time': 1597390691.0, 'vms': 7.26171875}
{'num_threads': 94, 'username': 'LAPTOP-RSTFGJU4\\Vedant Wartikar', 'num_handles': 637, 'ppid': 8680, 'memory_percent': 0.09038289064366593, 'pid': 9380, 'name': 'NVIDIA Web Helper.exe', 'create_time': 1597390691.0, 'vms': 31.51171875}
{'num_threads': 2, 'username': 'LAPTOP-RSTFGJU4\\Vedant Wartikar', 'num_handles': 115, 'ppid': 9380, 'memory_percent': 0.009316833573257806, 'pid': 9684, 'name': 'conhost.exe', 'create_time': 1597390692.0, 'vms': 6.52734375}
{'num_threads': 5, 'username': None, 'num_handles': 175, 'ppid': 8616, 'memory_percent': 0.006699475687986928, 'pid': 9816, 'name': 'GoogleCrashHandler.exe', 'create_time': 1597390693.0, 'vms': 1.94921875}
{'num_threads': 3, 'username': None, 'num_handles': 154, 'ppid': 8616, 'memory_percent': 0.006531388484345678, 'pid': 9824, 'name': 'GoogleCrashHandler64.exe', 'create_time': 1597390693.0, 'vms': 1.78515625}
{'num_threads': 12, 'username': 'LAPTOP-RSTFGJU4\\Vedant Wartikar', 'num_handles': 606, 'ppid': 92, 'memory_percent': 0.44944117007903706, 'pid': 9924, 'name': 'StartMenuExperienceHost.exe', 'create_time': 1597390697.0, 'vms': 26.88671875}
{'num_threads': 4, 'username': 'LAPTOP-RSTFGJU4\\Vedant Wartikar', 'num_handles': 460, 'ppid': 92, 'memory_percent': 0.032680954879391426, 'pid': 10360, 'name': 'SettingSyncHost.exe', 'create_time': 1597390699.0, 'vms': 6.59765625}
{'num_threads': 7, 'username': None, 'num_handles': 276, 'ppid': 868, 'memory_percent': 0.09307228590192591, 'pid': 10400, 'name': 'svchost.exe', 'create_time': 1597390700.0, 'vms': 3.75}
{'num_threads': 3, 'username': 'LAPTOP-RSTFGJU4\\Vedant Wartikar', 'num_handles': 328, 'ppid': 92, 'memory_percent': 0.16208408922549017, 'pid': 10436, 'name': 'RuntimeBroker.exe', 'create_time': 1597390697.0, 'vms': 6.80078125}
{'num_threads': 21, 'username': 'LAPTOP-RSTFGJU4\\Vedant Wartikar', 'num_handles': 555, 'ppid': 6620, 'memory_percent': 2.5848690300527917, 'pid': 10652, 'name': 'Code.exe', 'create_time': 1597408986.0, 'vms': 399.359375}
{'num_threads': 10, 'username': 'LAPTOP-RSTFGJU4\\Vedant Wartikar', 'num_handles': 495, 'ppid': 92, 'memory_percent': 0.28990240136582857, 'pid': 10772, 'name': 'WindowsInternal.ComposableShell.Experiences.TextInput.InputApp.exe', 'create_time': 1597392232.0, 'vms': 12.19140625}
{'num_threads': 16, 'username': 'LAPTOP-RSTFGJU4\\Vedant Wartikar', 'num_handles': 334, 'ppid': 2924, 'memory_percent': 0.5936840032608918, 'pid': 10840, 'name': 'chrome.exe', 'create_time': 1597408897.0, 'vms': 57.5078125}
{'num_threads': 17, 'username': 'LAPTOP-RSTFGJU4\\Vedant Wartikar', 'num_handles': 626, 'ppid': 92, 'memory_percent': 0.27568702642931153, 'pid': 10892, 'name': 'RuntimeBroker.exe', 'create_time': 1597390699.0, 'vms': 16.8125}
{'num_threads': 14, 'username': 'LAPTOP-RSTFGJU4\\Vedant Wartikar', 'num_handles': 231, 'ppid': 2924, 'memory_percent': 0.22007417448172115, 'pid': 10976, 'name': 'chrome.exe', 'create_time': 1597408579.0, 'vms': 17.73828125}
{'num_threads': 3, 'username': None, 'num_handles': 206, 'ppid': 868, 'memory_percent': 0.11120169143751778, 'pid': 11144, 'name': 'svchost.exe', 'create_time': 1597390786.0, 'vms': 4.84765625}
{'num_threads': 4, 'username': 'LAPTOP-RSTFGJU4\\Vedant Wartikar', 'num_handles': 327, 'ppid': 8952, 'memory_percent': 0.17077659889950908, 'pid': 11528, 'name': 'AiSquared.Loader.Elevated.exe', 'create_time': 1597390702.0, 'vms': 11.83203125}
{'num_threads': 2, 'username': 'LAPTOP-RSTFGJU4\\Vedant Wartikar', 'num_handles': 112, 'ppid': 2548, 'memory_percent': 0.06709080671052142, 'pid': 11556, 'name': 'conhost.exe', 'create_time': 1597409143.0, 'vms': 6.5234375}
{'num_threads': 4, 'username': 'LAPTOP-RSTFGJU4\\Vedant Wartikar', 'num_handles': 307, 'ppid': 8952, 'memory_percent': 0.20552262513792155, 'pid': 11612, 'name': 'AiSquared.Loader.Elevated.exe', 'create_time': 1597390702.0, 'vms': 20.8671875}
{'num_threads': 2, 'username': 'LAPTOP-RSTFGJU4\\Vedant Wartikar', 'num_handles': 154, 'ppid': 1516, 'memory_percent': 0.4667061271387596, 'pid': 11632, 'name': 'python.exe', 'create_time': 1597409142.0, 'vms': 68.94140625}
{'num_threads': 12, 'username': 'LAPTOP-RSTFGJU4\\Vedant Wartikar', 'num_handles': 230, 'ppid': 92, 'memory_percent': 0.07352614536421495, 'pid': 11636, 'name': 'dllhost.exe', 'create_time': 1597408948.0, 'vms': 4.66015625}
{'num_threads': 14, 'username': 'LAPTOP-RSTFGJU4\\Vedant Wartikar', 'num_handles': 239, 'ppid': 2924, 'memory_percent': 0.3816540020962876, 'pid': 11788, 'name': 'chrome.exe', 'create_time': 1597408579.0, 'vms': 37.0703125}
{'num_threads': 2, 'username': None, 'num_handles': 152, 'ppid': 868, 'memory_percent': 0.040412966246888886, 'pid': 11868, 'name': 'jhi_service.exe', 'create_time': 1597390793.0, 'vms': 1.42578125}
{'num_threads': 10, 'username': 'LAPTOP-RSTFGJU4\\Vedant Wartikar', 'num_handles': 852, 'ppid': 13972, 'memory_percent': 0.3262572622676645, 'pid': 12052, 'name': 'AcerRegistrationBackGroundTask.exe', 'create_time': 1597391700.0, 'vms': 40.0546875}
{'num_threads': 18, 'username': None, 'num_handles': 553, 'ppid': 868, 'memory_percent': 0.13442173799767318, 'pid': 12112, 'name': 'svchost.exe', 'create_time': 1597390792.0, 'vms': 10.67578125}
{'num_threads': 3, 'username': 'LAPTOP-RSTFGJU4\\Vedant Wartikar', 'num_handles': 206, 'ppid': 92, 'memory_percent': 0.024084495036024688, 'pid': 12196, 'name': 'RemindersServer.exe', 'create_time': 1597390841.0, 'vms': 2.7890625}
{'num_threads': 4, 'username': None, 'num_handles': 112, 'ppid': 868, 'memory_percent': 0.03390559022020624, 'pid': 12432, 'name': 'svchost.exe', 'create_time': 1597404885.0, 'vms': 1.47265625}
{'num_threads': 40, 'username': 'LAPTOP-RSTFGJU4\\Vedant Wartikar', 'num_handles': 1256, 'ppid': 92, 'memory_percent': 1.1044770026689847, 'pid': 12436, 'name': 'SearchUI.exe', 'create_time': 1597390726.0, 'vms': 104.81640625}
{'num_threads': 14, 'username': 'LAPTOP-RSTFGJU4\\Vedant Wartikar', 'num_handles': 240, 'ppid': 2924, 'memory_percent': 0.3565129589230893, 'pid': 12512, 'name': 'chrome.exe', 'create_time': 1597408579.0, 'vms': 31.3203125}
{'num_threads': 3, 'username': None, 'num_handles': 235, 'ppid': 868, 'memory_percent': 0.07407843189046477, 'pid': 12808, 'name': 'svchost.exe', 'create_time': 1597390793.0, 'vms': 3.12890625}
{'num_threads': 5, 'username': None, 'num_handles': 89, 'ppid': 868, 'memory_percent': 0.03618677369819462, 'pid': 12832, 'name': 'SgrmBroker.exe', 'create_time': 1597390794.0, 'vms': 3.07421875}
{'num_threads': 11, 'username': 'LAPTOP-RSTFGJU4\\Vedant Wartikar', 'num_handles': 480, 'ppid': 13084, 'memory_percent': 0.2553244623310573, 'pid': 12872, 'name': 'NVIDIA Share.exe', 'create_time': 1597390708.0, 'vms': 32.89453125}
{'num_threads': 5, 'username': 'LAPTOP-RSTFGJU4\\Vedant Wartikar', 'num_handles': 220, 'ppid': 4060, 'memory_percent': 0.085028112584809, 'pid': 13072, 'name': 'nvsphelper64.exe', 'create_time': 1597390706.0, 'vms': 3.1953125}
{'num_threads': 26, 'username': 'LAPTOP-RSTFGJU4\\Vedant Wartikar', 'num_handles': 684, 'ppid': 8496, 'memory_percent': 0.36916752411150905, 'pid': 13084, 'name': 'NVIDIA Share.exe', 'create_time': 1597390706.0, 'vms': 20.76953125}
{'num_threads': 26, 'username': 'LAPTOP-RSTFGJU4\\Vedant Wartikar', 'num_handles': 827, 'ppid': 5296, 'memory_percent': 0.4553242222064807, 'pid': 13296, 'name': 'Skype.exe', 'create_time': 1597390717.0, 'vms': 32.65625}
{'num_threads': 3, 'username': None, 'num_handles': 151, 'ppid': 868, 'memory_percent': 0.0687716787469339, 'pid': 13368, 'name': 'svchost.exe', 'create_time': 1597390907.0, 'vms': 1.94140625}
{'num_threads': 1, 'username': 'LAPTOP-RSTFGJU4\\Vedant Wartikar', 'num_handles': 158, 'ppid': 5296, 'memory_percent': 0.05974299466563253, 'pid': 13448, 'name': 'SecurityHealthSystray.exe', 'create_time': 1597390709.0, 'vms': 2.078125}
{'num_threads': 9, 'username': None, 'num_handles': 386, 'ppid': 868, 'memory_percent': 0.09117530174654612, 'pid': 13472, 'name': 'SecurityHealthService.exe', 'create_time': 1597390710.0, 'vms': 3.984375}
{'num_threads': 8, 'username': 'LAPTOP-RSTFGJU4\\Vedant Wartikar', 'num_handles': 605, 'ppid': 14852, 'memory_percent': 0.3656857177503689, 'pid': 13512, 'name': 'python.exe', 'create_time': 1597409143.0, 'vms': 271.48828125}
{'num_threads': 10, 'username': 'LAPTOP-RSTFGJU4\\Vedant Wartikar', 'num_handles': 403, 'ppid': 92, 'memory_percent': 0.1487811876801685, 'pid': 13524, 'name': 'smartscreen.exe', 'create_time': 1597408950.0, 'vms': 8.359375}
{'num_threads': 2, 'username': 'LAPTOP-RSTFGJU4\\Vedant Wartikar', 'num_handles': 274, 'ppid': 92, 'memory_percent': 0.1184294411940915, 'pid': 13536, 'name': 'RuntimeBroker.exe', 'create_time': 1597390710.0, 'vms': 5.70703125}
{'num_threads': 9, 'username': None, 'num_handles': 371, 'ppid': 868, 'memory_percent': 0.10066022252344517, 'pid': 13556, 'name': 'svchost.exe', 'create_time': 1597408824.0, 'vms': 4.23828125}
{'num_threads': 11, 'username': 'LAPTOP-RSTFGJU4\\Vedant Wartikar', 'num_handles': 401, 'ppid': 5296, 'memory_percent': 0.09979577404757589, 'pid': 13724, 'name': 'RAVCpl64.exe', 'create_time': 1597390710.0, 'vms': 4.734375}
{'num_threads': 5, 'username': 'LAPTOP-RSTFGJU4\\Vedant Wartikar', 'num_handles': 272, 'ppid': 92, 'memory_percent': 0.13540624876185764, 'pid': 13740, 'name': 'YourPhoneServer.exe', 'create_time': 1597390711.0, 'vms': 7.8359375}
{'num_threads': 3, 'username': 'LAPTOP-RSTFGJU4\\Vedant Wartikar', 'num_handles': 399, 'ppid': 92, 'memory_percent': 0.21637625600161364, 'pid': 13852, 'name': 'ApplicationFrameHost.exe', 'create_time': 1597390780.0, 'vms': 20.09375}
{'num_threads': 6, 'username': 'LAPTOP-RSTFGJU4\\Vedant Wartikar', 'num_handles': 263, 'ppid': 13296, 'memory_percent': 0.09223184988371967, 'pid': 13908, 'name': 'Skype.exe', 'create_time': 1597390720.0, 'vms': 9.4921875}
{'num_threads': 7, 'username': 'LAPTOP-RSTFGJU4\\Vedant Wartikar', 'num_handles': 366, 'ppid': 5296, 'memory_percent': 0.10330159286637908, 'pid': 13964, 'name': 'RAVBg64.exe', 'create_time': 1597390711.0, 'vms': 7.484375}
{'num_threads': 8, 'username': 'LAPTOP-RSTFGJU4\\Vedant Wartikar', 'num_handles': 370, 'ppid': 13296, 'memory_percent': 0.1426580109760944, 'pid': 13988, 'name': 'Skype.exe', 'create_time': 1597390720.0, 'vms': 10.7890625}
{'num_threads': 5, 'username': 'LAPTOP-RSTFGJU4\\Vedant Wartikar', 'num_handles': 325, 'ppid': 92, 'memory_percent': 0.11794919204083079, 'pid': 14008, 'name': 'RuntimeBroker.exe', 'create_time': 1597392335.0, 'vms': 4.69921875}
{'num_threads': 17, 'username': 'LAPTOP-RSTFGJU4\\Vedant Wartikar', 'num_handles': 535, 'ppid': 13296, 'memory_percent': 0.2891099902629484, 'pid': 14012, 'name': 'Skype.exe', 'create_time': 1597390720.0, 'vms': 38.8671875}
{'num_threads': 5, 'username': 'LAPTOP-RSTFGJU4\\Vedant Wartikar', 'num_handles': 334, 'ppid': 92, 'memory_percent': 0.1701282625426071, 'pid': 14040, 'name': 'RuntimeBroker.exe', 'create_time': 1597404425.0, 'vms': 6.26171875}
{'num_threads': 18, 'username': 'LAPTOP-RSTFGJU4\\Vedant Wartikar', 'num_handles': 445, 'ppid': 13296, 'memory_percent': 0.590490346391708, 'pid': 14044, 'name': 'Skype.exe', 'create_time': 1597390721.0, 'vms': 119.50390625}
{'num_threads': 3, 'username': None, 'num_handles': 161, 'ppid': 868, 'memory_percent': 0.05071431058433115, 'pid': 14128, 'name': 'svchost.exe', 'create_time': 1597390712.0, 'vms': 2.0390625}
{'num_threads': 6, 'username': 'LAPTOP-RSTFGJU4\\Vedant Wartikar', 'num_handles': 320, 'ppid': 5296, 'memory_percent': 0.09396074683545824, 'pid': 14176, 'name': 'RAVBg64.exe', 'create_time': 1597390712.0, 'vms': 6.234375}
{'num_threads': 49, 'username': 'LAPTOP-RSTFGJU4\\Vedant Wartikar', 'num_handles': 2245, 'ppid': 14220, 'memory_percent': 0.38873767710688306, 'pid': 14228, 'name': 'AvastUI.exe', 'create_time': 1597390713.0, 'vms': 46.625}
{'num_threads': 1, 'username': 'LAPTOP-RSTFGJU4\\Vedant Wartikar', 'num_handles': 141, 'ppid': 5296, 'memory_percent': 0.06730691882948873, 'pid': 14244, 'name': 'DolbyDAX2TrayIcon.exe', 'create_time': 1597390713.0, 'vms': 3.9921875}
{'num_threads': 15, 'username': 'LAPTOP-RSTFGJU4\\Vedant Wartikar', 'num_handles': 552, 'ppid': 5296, 'memory_percent': 0.27244534464480175, 'pid': 14284, 'name': 'OneDrive.exe', 'create_time': 1597390714.0, 'vms': 15.90625}
{'num_threads': 12, 'username': 'LAPTOP-RSTFGJU4\\Vedant Wartikar', 'num_handles': 455, 'ppid': 6620, 'memory_percent': 0.16246828854809875, 'pid': 14400, 'name': 'Code.exe', 'create_time': 1597408986.0, 'vms': 10.23828125}
{'num_threads': 22, 'username': 'LAPTOP-RSTFGJU4\\Vedant Wartikar', 'num_handles': 648, 'ppid': 2924, 'memory_percent': 1.3295697808022802, 'pid': 14684, 'name': 'chrome.exe', 'create_time': 1597408578.0, 'vms': 189.01171875}
{'num_threads': 8, 'username': 'LAPTOP-RSTFGJU4\\Vedant Wartikar', 'num_handles': 209, 'ppid': 2924, 'memory_percent': 0.04800090286840813, 'pid': 14748, 'name': 'chrome.exe', 'create_time': 1597408578.0, 'vms': 2.2734375}
{'num_threads': 21, 'username': 'LAPTOP-RSTFGJU4\\Vedant Wartikar', 'num_handles': 595, 'ppid': 2328, 'memory_percent': 0.4102288267152999, 'pid': 14852, 'name': 'powershell.exe', 'create_time': 1597409141.0, 'vms': 55.46484375}
{'num_threads': 2, 'username': 'LAPTOP-RSTFGJU4\\Vedant Wartikar', 'num_handles': 112, 'ppid': 15100, 'memory_percent': 0.06699475687986928, 'pid': 14856, 'name': 'conhost.exe', 'create_time': 1597409143.0, 'vms': 6.51953125}
{'num_threads': 7, 'username': None, 'num_handles': 384, 'ppid': 6256, 'memory_percent': 0.08154630622366883, 'pid': 14960, 'name': 'SearchProtocolHost.exe', 'create_time': 1597408983.0, 'vms': 2.69921875}
{'num_threads': 1, 'username': 'LAPTOP-RSTFGJU4\\Vedant Wartikar', 'num_handles': 147, 'ppid': 1516, 'memory_percent': 0.8335204303992911, 'pid': 15100, 'name': 'python.exe', 'create_time': 1597409143.0, 'vms': 129.42578125}
{'num_threads': 14, 'username': 'LAPTOP-RSTFGJU4\\Vedant Wartikar', 'num_handles': 240, 'ppid': 2924, 'memory_percent': 0.27724783617740884, 'pid': 15128, 'name': 'chrome.exe', 'create_time': 1597408579.0, 'vms': 21.57421875}
