--------------------------------------------------------------------------------
Process Log at Sat Aug  8 23:23:20 2020
--------------------------------------------------------------------------------
{'name': 'System Idle Process', 'pid': 0, 'username': 'NT AUTHORITY\\SYSTEM', 'vms': 0.05859375}
{'name': 'System', 'pid': 4, 'username': 'NT AUTHORITY\\SYSTEM', 'vms': 0.19921875}
{'name': 'svchost.exe', 'pid': 84, 'username': None, 'vms': 27.67578125}
{'name': 'Registry', 'pid': 120, 'username': None, 'vms': 11.24609375}
{'name': 'jusched.exe', 'pid': 264, 'username': 'LAPTOP-RSTFGJU4\\Vedant Wartikar', 'vms': 1.859375}
{'name': 'smss.exe', 'pid': 424, 'username': None, 'vms': 1.15234375}
{'name': 'fontdrvhost.exe', 'pid': 468, 'username': None, 'vms': 1.63671875}
{'name': 'WindowsInternal.ComposableShell.Experiences.TextInput.InputApp.exe', 'pid': 472, 'username': 'LAPTOP-RSTFGJU4\\Vedant Wartikar', 'vms': 12.18359375}
{'name': 'svchost.exe', 'pid': 568, 'username': None, 'vms': 1.90625}
{'name': 'ctfmon.exe', 'pid': 648, 'username': 'LAPTOP-RSTFGJU4\\Vedant Wartikar', 'vms': 4.14453125}
{'name': 'csrss.exe', 'pid': 656, 'username': None, 'vms': 2.08984375}
{'name': 'wininit.exe', 'pid': 768, 'username': None, 'vms': 1.859375}
{'name': 'Code.exe', 'pid': 808, 'username': 'LAPTOP-RSTFGJU4\\Vedant Wartikar', 'vms': 204.4609375}
{'name': 'services.exe', 'pid': 840, 'username': None, 'vms': 6.484375}
{'name': 'lsass.exe', 'pid': 852, 'username': None, 'vms': 12.79296875}
{'name': 'svchost.exe', 'pid': 984, 'username': None, 'vms': 0.953125}
{'name': 'svchost.exe', 'pid': 1048, 'username': None, 'vms': 13.14453125}
{'name': 'svchost.exe', 'pid': 1096, 'username': None, 'vms': 3.98828125}
{'name': 'NVDisplay.Container.exe', 'pid': 1260, 'username': None, 'vms': 9.65625}
{'name': 'svchost.exe', 'pid': 1300, 'username': None, 'vms': 2.76171875}
{'name': 'svchost.exe', 'pid': 1396, 'username': None, 'vms': 2.55078125}
{'name': 'svchost.exe', 'pid': 1440, 'username': None, 'vms': 1.63671875}
{'name': 'svchost.exe', 'pid': 1484, 'username': None, 'vms': 8.5078125}
{'name': 'svchost.exe', 'pid': 1520, 'username': None, 'vms': 10.10546875}
{'name': 'EpicGamesLauncher.exe', 'pid': 1604, 'username': 'LAPTOP-RSTFGJU4\\Vedant Wartikar', 'vms': 195.0390625}
{'name': 'svchost.exe', 'pid': 1608, 'username': None, 'vms': 3.40625}
{'name': 'svchost.exe', 'pid': 1624, 'username': None, 'vms': 2.57421875}
{'name': 'svchost.exe', 'pid': 1632, 'username': None, 'vms': 16.44921875}
{'name': 'chrome.exe', 'pid': 1712, 'username': 'LAPTOP-RSTFGJU4\\Vedant Wartikar', 'vms': 18.75390625}
{'name': 'svchost.exe', 'pid': 1752, 'username': None, 'vms': 10.203125}
{'name': 'svchost.exe', 'pid': 1832, 'username': None, 'vms': 3.16796875}
{'name': 'WUDFHost.exe', 'pid': 1872, 'username': None, 'vms': 1.93359375}
{'name': 'svchost.exe', 'pid': 1944, 'username': 'LAPTOP-RSTFGJU4\\Vedant Wartikar', 'vms': 4.20703125}
{'name': 'svchost.exe', 'pid': 1960, 'username': None, 'vms': 6.28515625}
{'name': 'svchost.exe', 'pid': 2036, 'username': None, 'vms': 1.875}
{'name': 'svchost.exe', 'pid': 2044, 'username': None, 'vms': 2.57421875}
{'name': 'chrome.exe', 'pid': 2052, 'username': 'LAPTOP-RSTFGJU4\\Vedant Wartikar', 'vms': 17.46484375}
{'name': 'RuntimeBroker.exe', 'pid': 2120, 'username': 'LAPTOP-RSTFGJU4\\Vedant Wartikar', 'vms': 11.87109375}
{'name': 'svchost.exe', 'pid': 2168, 'username': None, 'vms': 2.94921875}
{'name': 'svchost.exe', 'pid': 2176, 'username': None, 'vms': 1.36328125}
{'name': 'svchost.exe', 'pid': 2184, 'username': None, 'vms': 2.140625}
{'name': 'svchost.exe', 'pid': 2196, 'username': None, 'vms': 5.14453125}
{'name': 'wsc_proxy.exe', 'pid': 2208, 'username': None, 'vms': 4.0625}
{'name': 'svchost.exe', 'pid': 2288, 'username': None, 'vms': 1.734375}
{'name': 'svchost.exe', 'pid': 2308, 'username': None, 'vms': 2.80078125}
{'name': 'Memory Compression', 'pid': 2448, 'username': None, 'vms': 0.94140625}
{'name': 'svchost.exe', 'pid': 2496, 'username': None, 'vms': 2.375}
{'name': 'igfxCUIService.exe', 'pid': 2556, 'username': None, 'vms': 2.03125}
{'name': 'svchost.exe', 'pid': 2564, 'username': None, 'vms': 3.9296875}
{'name': 'chrome.exe', 'pid': 2592, 'username': 'LAPTOP-RSTFGJU4\\Vedant Wartikar', 'vms': 32.53515625}
{'name': 'svchost.exe', 'pid': 2660, 'username': None, 'vms': 2.51171875}
{'name': 'svchost.exe', 'pid': 2736, 'username': None, 'vms': 4.37109375}
{'name': 'ZtUac64.exe', 'pid': 2772, 'username': 'LAPTOP-RSTFGJU4\\Vedant Wartikar', 'vms': 1.53515625}
{'name': 'svchost.exe', 'pid': 2880, 'username': None, 'vms': 2.05078125}
{'name': 'svchost.exe', 'pid': 2888, 'username': None, 'vms': 2.19921875}
{'name': 'PSAgent.exe', 'pid': 2924, 'username': 'LAPTOP-RSTFGJU4\\Vedant Wartikar', 'vms': 4.1640625}
{'name': 'AcerRegistrationBackGroundTask.exe', 'pid': 2988, 'username': 'LAPTOP-RSTFGJU4\\Vedant Wartikar', 'vms': 40.671875}
{'name': 'dllhost.exe', 'pid': 2992, 'username': 'LAPTOP-RSTFGJU4\\Vedant Wartikar', 'vms': 2.12109375}
{'name': 'svchost.exe', 'pid': 3016, 'username': None, 'vms': 4.84765625}
{'name': 'SearchProtocolHost.exe', 'pid': 3084, 'username': None, 'vms': 2.625}
{'name': 'svchost.exe', 'pid': 3088, 'username': None, 'vms': 1.75}
{'name': 'svchost.exe', 'pid': 3096, 'username': None, 'vms': 3.05078125}
{'name': 'svchost.exe', 'pid': 3204, 'username': None, 'vms': 2.078125}
{'name': 'NVIDIA Share.exe', 'pid': 3228, 'username': 'LAPTOP-RSTFGJU4\\Vedant Wartikar', 'vms': 48.8125}
{'name': 'svchost.exe', 'pid': 3280, 'username': None, 'vms': 6.99609375}
{'name': 'svchost.exe', 'pid': 3396, 'username': None, 'vms': 5.34375}
{'name': 'AvastSvc.exe', 'pid': 3404, 'username': None, 'vms': 345.609375}
{'name': 'AvastUI.exe', 'pid': 3424, 'username': 'LAPTOP-RSTFGJU4\\Vedant Wartikar', 'vms': 39.65234375}
{'name': 'SearchUI.exe', 'pid': 3464, 'username': 'LAPTOP-RSTFGJU4\\Vedant Wartikar', 'vms': 100.74609375}
{'name': 'svchost.exe', 'pid': 3496, 'username': None, 'vms': 5.6875}
{'name': 'sihost.exe', 'pid': 3504, 'username': 'LAPTOP-RSTFGJU4\\Vedant Wartikar', 'vms': 8.1328125}
{'name': 'conhost.exe', 'pid': 3536, 'username': 'LAPTOP-RSTFGJU4\\Vedant Wartikar', 'vms': 1.75}
{'name': 'svchost.exe', 'pid': 3544, 'username': None, 'vms': 1.359375}
{'name': 'svchost.exe', 'pid': 3556, 'username': None, 'vms': 1.6171875}
{'name': 'NVIDIA Share.exe', 'pid': 3568, 'username': 'LAPTOP-RSTFGJU4\\Vedant Wartikar', 'vms': 23.59765625}
{'name': 'svchost.exe', 'pid': 3604, 'username': None, 'vms': 3.390625}
{'name': 'PresentationFontCache.exe', 'pid': 3612, 'username': None, 'vms': 24.3515625}
{'name': 'ZoomTextHelperService.exe', 'pid': 3636, 'username': None, 'vms': 0.8515625}
{'name': 'SystemSettings.exe', 'pid': 3740, 'username': 'LAPTOP-RSTFGJU4\\Vedant Wartikar', 'vms': 23.75}
{'name': 'svchost.exe', 'pid': 3776, 'username': None, 'vms': 5.96875}
{'name': 'conhost.exe', 'pid': 3824, 'username': 'LAPTOP-RSTFGJU4\\Vedant Wartikar', 'vms': 6.48828125}
{'name': 'svchost.exe', 'pid': 4072, 'username': None, 'vms': 1.890625}
{'name': 'Code.exe', 'pid': 4084, 'username': 'LAPTOP-RSTFGJU4\\Vedant Wartikar', 'vms': 10.3359375}
{'name': 'spoolsv.exe', 'pid': 4252, 'username': None, 'vms': 6.1484375}
{'name': 'AiSquared.Loader.Generic.exe', 'pid': 4260, 'username': 'LAPTOP-RSTFGJU4\\Vedant Wartikar', 'vms': 38.65234375}
{'name': 'taskhostw.exe', 'pid': 4288, 'username': 'LAPTOP-RSTFGJU4\\Vedant Wartikar', 'vms': 6.99609375}
{'name': 'svchost.exe', 'pid': 4332, 'username': None, 'vms': 2.57421875}
{'name': 'RuntimeBroker.exe', 'pid': 4392, 'username': 'LAPTOP-RSTFGJU4\\Vedant Wartikar', 'vms': 5.7890625}
{'name': 'svchost.exe', 'pid': 4412, 'username': None, 'vms': 11.58203125}
{'name': 'svchost.exe', 'pid': 4460, 'username': None, 'vms': 2.2734375}
{'name': 'svchost.exe', 'pid': 4468, 'username': None, 'vms': 44.25390625}
{'name': 'svchost.exe', 'pid': 4480, 'username': None, 'vms': 23.83984375}
{'name': 'svchost.exe', 'pid': 4500, 'username': None, 'vms': 2.05859375}
{'name': 'svchost.exe', 'pid': 4564, 'username': None, 'vms': 11.96484375}
{'name': 'chrome.exe', 'pid': 4568, 'username': 'LAPTOP-RSTFGJU4\\Vedant Wartikar', 'vms': 11.8515625}
{'name': 'mDNSResponder.exe', 'pid': 4632, 'username': None, 'vms': 2.22265625}
{'name': 'svchost.exe', 'pid': 4648, 'username': None, 'vms': 19.08984375}
{'name': 'svchost.exe', 'pid': 4728, 'username': None, 'vms': 2.6171875}
{'name': 'Lavasoft.WCAssistant.WinService.exe', 'pid': 4840, 'username': None, 'vms': 37.80859375}
{'name': 'AiSquared.Magnification.Service.exe', 'pid': 4868, 'username': None, 'vms': 2.5546875}
{'name': 'Crypserv.exe', 'pid': 4872, 'username': None, 'vms': 4.36328125}
{'name': 'python.exe', 'pid': 4880, 'username': 'LAPTOP-RSTFGJU4\\Vedant Wartikar', 'vms': 124.35546875}
{'name': 'RuntimeBroker.exe', 'pid': 4912, 'username': 'LAPTOP-RSTFGJU4\\Vedant Wartikar', 'vms': 4.69921875}
{'name': 'Code.exe', 'pid': 5000, 'username': 'LAPTOP-RSTFGJU4\\Vedant Wartikar', 'vms': 36.8046875}
{'name': 'svchost.exe', 'pid': 5012, 'username': None, 'vms': 6.76953125}
{'name': 'AppleMobileDeviceService.exe', 'pid': 5144, 'username': None, 'vms': 3.74609375}
{'name': 'Updater.exe', 'pid': 5152, 'username': None, 'vms': 5.046875}
{'name': 'nvcontainer.exe', 'pid': 5164, 'username': None, 'vms': 16.9921875}
{'name': 'AdminService.exe', 'pid': 5176, 'username': None, 'vms': 21.1953125}
{'name': 'armsvc.exe', 'pid': 5192, 'username': None, 'vms': 1.89453125}
{'name': 'python.exe', 'pid': 5224, 'username': 'LAPTOP-RSTFGJU4\\Vedant Wartikar', 'vms': 65.6796875}
{'name': 'svchost.exe', 'pid': 5320, 'username': None, 'vms': 2.33984375}
{'name': 'DolbyDAX2API.exe', 'pid': 5384, 'username': None, 'vms': 31.1875}
{'name': 'YourPhone.exe', 'pid': 5492, 'username': 'LAPTOP-RSTFGJU4\\Vedant Wartikar', 'vms': 23.265625}
{'name': 'OneDrive.exe', 'pid': 5500, 'username': 'LAPTOP-RSTFGJU4\\Vedant Wartikar', 'vms': 14.70703125}
{'name': 'explorer.exe', 'pid': 5504, 'username': 'LAPTOP-RSTFGJU4\\Vedant Wartikar', 'vms': 93.96875}
{'name': 'svchost.exe', 'pid': 5536, 'username': None, 'vms': 6.62109375}
{'name': 'NVIDIA Share.exe', 'pid': 5564, 'username': 'LAPTOP-RSTFGJU4\\Vedant Wartikar', 'vms': 53.03515625}
{'name': 'svchost.exe', 'pid': 5588, 'username': None, 'vms': 2.421875}
{'name': 'svchost.exe', 'pid': 5632, 'username': None, 'vms': 1.3046875}
{'name': 'unsecapp.exe', 'pid': 5684, 'username': None, 'vms': 1.7421875}
{'name': 'svchost.exe', 'pid': 5792, 'username': None, 'vms': 3.75390625}
{'name': 'dasHost.exe', 'pid': 5864, 'username': None, 'vms': 1.328125}
{'name': 'dllhost.exe', 'pid': 5904, 'username': 'LAPTOP-RSTFGJU4\\Vedant Wartikar', 'vms': 3.7109375}
{'name': 'chrome.exe', 'pid': 5980, 'username': 'LAPTOP-RSTFGJU4\\Vedant Wartikar', 'vms': 22.9765625}
{'name': 'StartMenuExperienceHost.exe', 'pid': 6004, 'username': 'LAPTOP-RSTFGJU4\\Vedant Wartikar', 'vms': 30.03515625}
{'name': 'nvcontainer.exe', 'pid': 6012, 'username': 'LAPTOP-RSTFGJU4\\Vedant Wartikar', 'vms': 7.9921875}
{'name': 'svchost.exe', 'pid': 6284, 'username': None, 'vms': 2.59375}
{'name': 'Skype.exe', 'pid': 6396, 'username': 'LAPTOP-RSTFGJU4\\Vedant Wartikar', 'vms': 9.55859375}
{'name': 'RuntimeBroker.exe', 'pid': 6504, 'username': 'LAPTOP-RSTFGJU4\\Vedant Wartikar', 'vms': 6.70703125}
{'name': 'svchost.exe', 'pid': 6616, 'username': None, 'vms': 2.78515625}
{'name': 'conhost.exe', 'pid': 6632, 'username': 'LAPTOP-RSTFGJU4\\Vedant Wartikar', 'vms': 6.515625}
{'name': 'svchost.exe', 'pid': 6660, 'username': None, 'vms': 6.6015625}
{'name': 'SearchIndexer.exe', 'pid': 6824, 'username': None, 'vms': 71.6171875}
{'name': 'svchost.exe', 'pid': 6852, 'username': None, 'vms': 2.78515625}
{'name': 'svchost.exe', 'pid': 6936, 'username': None, 'vms': 11.49609375}
{'name': 'svchost.exe', 'pid': 7020, 'username': None, 'vms': 3.28125}
{'name': 'powershell.exe', 'pid': 7152, 'username': 'LAPTOP-RSTFGJU4\\Vedant Wartikar', 'vms': 63.82421875}
{'name': 'jhi_service.exe', 'pid': 7200, 'username': None, 'vms': 1.45703125}
{'name': 'winlogon.exe', 'pid': 7336, 'username': None, 'vms': 2.69921875}
{'name': 'aswEngSrv.exe', 'pid': 7592, 'username': None, 'vms': 35.7890625}
{'name': 'PredatorSense.exe', 'pid': 7664, 'username': 'LAPTOP-RSTFGJU4\\Vedant Wartikar', 'vms': 69.41015625}
{'name': 'Code.exe', 'pid': 7832, 'username': 'LAPTOP-RSTFGJU4\\Vedant Wartikar', 'vms': 18.86328125}
{'name': 'AiSquared.Loader.Elevated.exe', 'pid': 7988, 'username': 'LAPTOP-RSTFGJU4\\Vedant Wartikar', 'vms': 17.40234375}
{'name': 'chrome.exe', 'pid': 8344, 'username': 'LAPTOP-RSTFGJU4\\Vedant Wartikar', 'vms': 24.07421875}
{'name': 'AppVShNotify.exe', 'pid': 8444, 'username': None, 'vms': 1.8359375}
{'name': 'chrome.exe', 'pid': 8524, 'username': 'LAPTOP-RSTFGJU4\\Vedant Wartikar', 'vms': 2.34375}
{'name': 'svchost.exe', 'pid': 8532, 'username': None, 'vms': 1.80859375}
{'name': 'svchost.exe', 'pid': 8540, 'username': None, 'vms': 5.64453125}
{'name': 'RAVCpl64.exe', 'pid': 8552, 'username': 'LAPTOP-RSTFGJU4\\Vedant Wartikar', 'vms': 4.953125}
{'name': 'conhost.exe', 'pid': 8868, 'username': 'LAPTOP-RSTFGJU4\\Vedant Wartikar', 'vms': 6.51171875}
{'name': 'aswidsagent.exe', 'pid': 8892, 'username': None, 'vms': 53.1328125}
{'name': 'chrome.exe', 'pid': 9080, 'username': 'LAPTOP-RSTFGJU4\\Vedant Wartikar', 'vms': 75.18359375}
{'name': 'chrome.exe', 'pid': 9224, 'username': 'LAPTOP-RSTFGJU4\\Vedant Wartikar', 'vms': 19.20703125}
{'name': 'AiSquared.Loader.Elevated.exe', 'pid': 9228, 'username': 'LAPTOP-RSTFGJU4\\Vedant Wartikar', 'vms': 32.17578125}
{'name': 'SecurityHealthSystray.exe', 'pid': 9304, 'username': 'LAPTOP-RSTFGJU4\\Vedant Wartikar', 'vms': 2.12890625}
{'name': 'conhost.exe', 'pid': 9320, 'username': 'LAPTOP-RSTFGJU4\\Vedant Wartikar', 'vms': 1.7578125}
{'name': 'svchost.exe', 'pid': 9348, 'username': None, 'vms': 1.4921875}
{'name': 'RAVBg64.exe', 'pid': 9364, 'username': 'LAPTOP-RSTFGJU4\\Vedant Wartikar', 'vms': 7.55078125}
{'name': 'chrome.exe', 'pid': 9480, 'username': 'LAPTOP-RSTFGJU4\\Vedant Wartikar', 'vms': 67.33203125}
{'name': 'svchost.exe', 'pid': 9572, 'username': None, 'vms': 11.2265625}
{'name': 'csrss.exe', 'pid': 9824, 'username': None, 'vms': 2.49609375}
{'name': 'svchost.exe', 'pid': 9972, 'username': None, 'vms': 4.375}
{'name': 'chrome.exe', 'pid': 10040, 'username': 'LAPTOP-RSTFGJU4\\Vedant Wartikar', 'vms': 19.58984375}
{'name': 'ShellExperienceHost.exe', 'pid': 10060, 'username': 'LAPTOP-RSTFGJU4\\Vedant Wartikar', 'vms': 15.44140625}
{'name': 'SecurityHealthService.exe', 'pid': 10300, 'username': None, 'vms': 10.47265625}
{'name': 'LMS.exe', 'pid': 10316, 'username': None, 'vms': 3.81640625}
{'name': 'Code.exe', 'pid': 10428, 'username': 'LAPTOP-RSTFGJU4\\Vedant Wartikar', 'vms': 168.1640625}
{'name': 'Code.exe', 'pid': 11040, 'username': 'LAPTOP-RSTFGJU4\\Vedant Wartikar', 'vms': 42.8203125}
{'name': 'AvastUI.exe', 'pid': 11172, 'username': 'LAPTOP-RSTFGJU4\\Vedant Wartikar', 'vms': 16.40234375}
{'name': 'chrome.exe', 'pid': 11280, 'username': 'LAPTOP-RSTFGJU4\\Vedant Wartikar', 'vms': 38.15625}
{'name': 'dwm.exe', 'pid': 11436, 'username': None, 'vms': 78.3671875}
{'name': 'svchost.exe', 'pid': 11560, 'username': None, 'vms': 2.3828125}
{'name': 'RuntimeBroker.exe', 'pid': 11720, 'username': 'LAPTOP-RSTFGJU4\\Vedant Wartikar', 'vms': 6.8046875}
{'name': 'Code.exe', 'pid': 11776, 'username': 'LAPTOP-RSTFGJU4\\Vedant Wartikar', 'vms': 7.1796875}
{'name': 'dllhost.exe', 'pid': 11804, 'username': None, 'vms': 3.79296875}
{'name': 'svchost.exe', 'pid': 11872, 'username': None, 'vms': 5.53515625}
{'name': 'svchost.exe', 'pid': 11916, 'username': None, 'vms': 3.17578125}
{'name': 'svchost.exe', 'pid': 11936, 'username': None, 'vms': 4.5703125}
{'name': 'chrome.exe', 'pid': 11952, 'username': 'LAPTOP-RSTFGJU4\\Vedant Wartikar', 'vms': 24.03515625}
{'name': 'LockApp.exe', 'pid': 12316, 'username': 'LAPTOP-RSTFGJU4\\Vedant Wartikar', 'vms': 13.42578125}
{'name': 'powershell.exe', 'pid': 12708, 'username': 'LAPTOP-RSTFGJU4\\Vedant Wartikar', 'vms': 62.20703125}
{'name': 'PSSvc.exe', 'pid': 12728, 'username': None, 'vms': 29.77734375}
{'name': 'Code.exe', 'pid': 12748, 'username': 'LAPTOP-RSTFGJU4\\Vedant Wartikar', 'vms': 40.89453125}
{'name': 'svchost.exe', 'pid': 12808, 'username': None, 'vms': 2.078125}
{'name': 'UnrealCEFSubProcess.exe', 'pid': 13148, 'username': 'LAPTOP-RSTFGJU4\\Vedant Wartikar', 'vms': 97.54296875}
{'name': 'GoogleCrashHandler.exe', 'pid': 13252, 'username': None, 'vms': 1.8828125}
{'name': 'GoogleCrashHandler64.exe', 'pid': 13276, 'username': None, 'vms': 1.81640625}
{'name': 'svchost.exe', 'pid': 13304, 'username': 'LAPTOP-RSTFGJU4\\Vedant Wartikar', 'vms': 11.07421875}
{'name': 'DolbyDAX2TrayIcon.exe', 'pid': 13440, 'username': 'LAPTOP-RSTFGJU4\\Vedant Wartikar', 'vms': 4.04296875}
{'name': 'svchost.exe', 'pid': 13520, 'username': None, 'vms': 3.24609375}
{'name': 'SgrmBroker.exe', 'pid': 13576, 'username': None, 'vms': 4.19921875}
{'name': 'Microsoft.Photos.exe', 'pid': 13652, 'username': 'LAPTOP-RSTFGJU4\\Vedant Wartikar', 'vms': 50.4375}
{'name': 'svchost.exe', 'pid': 13668, 'username': None, 'vms': 6.76953125}
{'name': 'NVDisplay.Container.exe', 'pid': 13752, 'username': None, 'vms': 30.71875}
{'name': 'chrome.exe', 'pid': 13896, 'username': 'LAPTOP-RSTFGJU4\\Vedant Wartikar', 'vms': 189.4140625}
{'name': 'python.exe', 'pid': 13940, 'username': 'LAPTOP-RSTFGJU4\\Vedant Wartikar', 'vms': 10.3515625}
{'name': 'svchost.exe', 'pid': 14056, 'username': None, 'vms': 5.421875}
{'name': 'svchost.exe', 'pid': 14136, 'username': None, 'vms': 3.17578125}
{'name': 'RuntimeBroker.exe', 'pid': 14272, 'username': 'LAPTOP-RSTFGJU4\\Vedant Wartikar', 'vms': 12.7421875}
{'name': 'svchost.exe', 'pid': 14932, 'username': 'LAPTOP-RSTFGJU4\\Vedant Wartikar', 'vms': 8.3828125}
{'name': 'SettingSyncHost.exe', 'pid': 15176, 'username': 'LAPTOP-RSTFGJU4\\Vedant Wartikar', 'vms': 5.99609375}
{'name': 'CompPkgSrv.exe', 'pid': 15456, 'username': 'LAPTOP-RSTFGJU4\\Vedant Wartikar', 'vms': 2.09375}
{'name': 'nvcontainer.exe', 'pid': 15636, 'username': 'LAPTOP-RSTFGJU4\\Vedant Wartikar', 'vms': 32.46875}
{'name': 'WinStore.App.exe', 'pid': 15800, 'username': 'LAPTOP-RSTFGJU4\\Vedant Wartikar', 'vms': 49.98046875}
{'name': 'Skype.exe', 'pid': 16020, 'username': 'LAPTOP-RSTFGJU4\\Vedant Wartikar', 'vms': 120.2578125}
{'name': 'PSAdminAgent.exe', 'pid': 16208, 'username': None, 'vms': 2.28515625}
{'name': 'ApplicationFrameHost.exe', 'pid': 16296, 'username': 'LAPTOP-RSTFGJU4\\Vedant Wartikar', 'vms': 20.0}
{'name': 'SearchFilterHost.exe', 'pid': 16532, 'username': None, 'vms': 1.8515625}
{'name': 'OfficeClickToRun.exe', 'pid': 16540, 'username': None, 'vms': 42.59375}
{'name': 'chrome.exe', 'pid': 17012, 'username': 'LAPTOP-RSTFGJU4\\Vedant Wartikar', 'vms': 16.90234375}
{'name': 'Skype.exe', 'pid': 17164, 'username': 'LAPTOP-RSTFGJU4\\Vedant Wartikar', 'vms': 10.83203125}
{'name': 'svchost.exe', 'pid': 17180, 'username': None, 'vms': 1.84375}
{'name': 'svchost.exe', 'pid': 17320, 'username': 'LAPTOP-RSTFGJU4\\Vedant Wartikar', 'vms': 12.85546875}
{'name': 'python.exe', 'pid': 17404, 'username': 'LAPTOP-RSTFGJU4\\Vedant Wartikar', 'vms': 18.66015625}
{'name': 'RuntimeBroker.exe', 'pid': 17524, 'username': 'LAPTOP-RSTFGJU4\\Vedant Wartikar', 'vms': 6.55859375}
{'name': 'fontdrvhost.exe', 'pid': 17528, 'username': None, 'vms': 3.53515625}
{'name': 'chrome.exe', 'pid': 17636, 'username': 'LAPTOP-RSTFGJU4\\Vedant Wartikar', 'vms': 21.87890625}
{'name': 'conhost.exe', 'pid': 17640, 'username': 'LAPTOP-RSTFGJU4\\Vedant Wartikar', 'vms': 6.51171875}
{'name': 'RuntimeBroker.exe', 'pid': 17724, 'username': 'LAPTOP-RSTFGJU4\\Vedant Wartikar', 'vms': 3.5703125}
{'name': 'Skype.exe', 'pid': 17932, 'username': 'LAPTOP-RSTFGJU4\\Vedant Wartikar', 'vms': 40.2265625}
{'name': 'chrome.exe', 'pid': 17980, 'username': 'LAPTOP-RSTFGJU4\\Vedant Wartikar', 'vms': 52.42578125}
{'name': 'Skype.exe', 'pid': 18068, 'username': 'LAPTOP-RSTFGJU4\\Vedant Wartikar', 'vms': 31.953125}
{'name': 'igfxEM.exe', 'pid': 18312, 'username': 'LAPTOP-RSTFGJU4\\Vedant Wartikar', 'vms': 4.1171875}
{'name': 'WmiPrvSE.exe', 'pid': 18736, 'username': None, 'vms': 4.32421875}
{'name': 'CodeHelper.exe', 'pid': 18900, 'username': 'LAPTOP-RSTFGJU4\\Vedant Wartikar', 'vms': 11.078125}
{'name': 'YourPhoneServer.exe', 'pid': 18964, 'username': 'LAPTOP-RSTFGJU4\\Vedant Wartikar', 'vms': 7.83984375}
{'name': 'chrome.exe', 'pid': 19092, 'username': 'LAPTOP-RSTFGJU4\\Vedant Wartikar', 'vms': 174.2421875}
{'name': 'chrome.exe', 'pid': 19284, 'username': 'LAPTOP-RSTFGJU4\\Vedant Wartikar', 'vms': 213.81640625}
{'name': 'Code.exe', 'pid': 19692, 'username': 'LAPTOP-RSTFGJU4\\Vedant Wartikar', 'vms': 83.5625}
{'name': 'nvsphelper64.exe', 'pid': 19928, 'username': 'LAPTOP-RSTFGJU4\\Vedant Wartikar', 'vms': 3.2265625}
{'name': 'unsecapp.exe', 'pid': 19980, 'username': None, 'vms': 2.1328125}
{'name': 'conhost.exe', 'pid': 20216, 'username': 'LAPTOP-RSTFGJU4\\Vedant Wartikar', 'vms': 6.53515625}
{'name': 'WmiPrvSE.exe', 'pid': 20292, 'username': None, 'vms': 5.0703125}
{'name': 'NVIDIA Web Helper.exe', 'pid': 20296, 'username': 'LAPTOP-RSTFGJU4\\Vedant Wartikar', 'vms': 31.52734375}
{'name': 'svchost.exe', 'pid': 20304, 'username': 'LAPTOP-RSTFGJU4\\Vedant Wartikar', 'vms': 1.84375}
{'name': 'RAVBg64.exe', 'pid': 20476, 'username': 'LAPTOP-RSTFGJU4\\Vedant Wartikar', 'vms': 6.25}
