--------------------------------------------------------------------------------
Process Log at Fri Aug 14 17:18:11 2020
--------------------------------------------------------------------------------
{'pid': 0, 'create_time': 1597390651.0, 'username': 'NT AUTHORITY\\SYSTEM', 'name': 'System Idle Process', 'num_handles': 0, 'ppid': 0, 'memory_percent': 4.802491532607116e-05, 'num_threads': 8, 'vms': 0.05859375}
{'pid': 4, 'create_time': 1597390651.0, 'username': 'NT AUTHORITY\\SYSTEM', 'name': 'System', 'num_handles': 5223, 'ppid': 0, 'memory_percent': 0.029775447502164123, 'num_threads': 238, 'vms': 0.19921875}
{'pid': 88, 'create_time': 1597390792.0, 'username': None, 'name': 'DolbyDAX2API.exe', 'num_handles': 384, 'ppid': 868, 'memory_percent': 0.2695878621829005, 'num_threads': 8, 'vms': 29.6328125}
{'pid': 92, 'create_time': 1597390660.0, 'username': None, 'name': 'svchost.exe', 'num_handles': 1294, 'ppid': 868, 'memory_percent': 0.20523447564596511, 'num_threads': 26, 'vms': 14.234375}
{'pid': 120, 'create_time': 1597390651.0, 'username': None, 'name': 'Registry', 'num_handles': 0, 'ppid': 4, 'memory_percent': 0.6250202605111532, 'num_threads': 4, 'vms': 11.0234375}
{'pid': 444, 'create_time': 1597390653.0, 'username': None, 'name': 'smss.exe', 'num_handles': 53, 'ppid': 4, 'memory_percent': 0.007323799587225852, 'num_threads': 2, 'vms': 1.15234375}
{'pid': 464, 'create_time': 1597398190.0, 'username': 'LAPTOP-RSTFGJU4\\Vedant Wartikar', 'name': 'Microsoft.Photos.exe', 'num_handles': 793, 'ppid': 92, 'memory_percent': 0.005883052127443718, 'num_threads': 18, 'vms': 48.765625}
{'pid': 480, 'create_time': 1597390668.0, 'username': None, 'name': 'OfficeClickToRun.exe', 'num_handles': 714, 'ppid': 868, 'memory_percent': 0.3359102702482048, 'num_threads': 20, 'vms': 34.23828125}
{'pid': 516, 'create_time': 1597390660.0, 'username': None, 'name': 'winlogon.exe', 'num_handles': 279, 'ppid': 788, 'memory_percent': 0.07467874333204066, 'num_threads': 5, 'vms': 2.77734375}
{'pid': 520, 'create_time': 1597390660.0, 'username': None, 'name': 'fontdrvhost.exe', 'num_handles': 32, 'ppid': 796, 'memory_percent': 0.022211523338307913, 'num_threads': 5, 'vms': 1.72265625}
{'pid': 692, 'create_time': 1597390658.0, 'username': None, 'name': 'csrss.exe', 'num_handles': 814, 'ppid': 596, 'memory_percent': 0.03479405115373856, 'num_threads': 17, 'vms': 2.25}
{'pid': 796, 'create_time': 1597390660.0, 'username': None, 'name': 'wininit.exe', 'num_handles': 156, 'ppid': 596, 'memory_percent': 0.04108531506145388, 'num_threads': 1, 'vms': 1.3515625}
{'pid': 804, 'create_time': 1597390660.0, 'username': None, 'name': 'csrss.exe', 'num_handles': 841, 'ppid': 788, 'memory_percent': 0.03685912251275962, 'num_threads': 14, 'vms': 2.5}
{'pid': 868, 'create_time': 1597390660.0, 'username': None, 'name': 'services.exe', 'num_handles': 735, 'ppid': 796, 'memory_percent': 0.06348893806106609, 'num_threads': 8, 'vms': 5.44140625}
{'pid': 888, 'create_time': 1597390660.0, 'username': None, 'name': 'lsass.exe', 'num_handles': 1409, 'ppid': 796, 'memory_percent': 0.11545189644387509, 'num_threads': 10, 'vms': 7.23046875}
{'pid': 900, 'create_time': 1597390661.0, 'username': None, 'name': 'svchost.exe', 'num_handles': 227, 'ppid': 868, 'memory_percent': 0.08104204461274508, 'num_threads': 6, 'vms': 2.5546875}
{'pid': 908, 'create_time': 1597390661.0, 'username': None, 'name': 'svchost.exe', 'num_handles': 226, 'ppid': 868, 'memory_percent': 0.07391034468682352, 'num_threads': 3, 'vms': 2.9375}
{'pid': 936, 'create_time': 1597405108.0, 'username': 'LAPTOP-RSTFGJU4\\Vedant Wartikar', 'name': 'chrome.exe', 'num_handles': 500, 'ppid': 1904, 'memory_percent': 0.23563424704736818, 'num_threads': 14, 'vms': 19.59765625}
{'pid': 996, 'create_time': 1597390660.0, 'username': None, 'name': 'svchost.exe', 'num_handles': 86, 'ppid': 868, 'memory_percent': 0.023772333086405226, 'num_threads': 2, 'vms': 0.953125}
{'pid': 1032, 'create_time': 1597390660.0, 'username': None, 'name': 'fontdrvhost.exe', 'num_handles': 32, 'ppid': 516, 'memory_percent': 0.047160466850201886, 'num_threads': 5, 'vms': 3.55859375}
{'pid': 1092, 'create_time': 1597390660.0, 'username': None, 'name': 'svchost.exe', 'num_handles': 1414, 'ppid': 868, 'memory_percent': 0.10901655779018155, 'num_threads': 14, 'vms': 9.6953125}
{'pid': 1112, 'create_time': 1597390661.0, 'username': None, 'name': 'svchost.exe', 'num_handles': 269, 'ppid': 868, 'memory_percent': 0.03503417573036892, 'num_threads': 3, 'vms': 1.29296875}
{'pid': 1124, 'create_time': 1597404425.0, 'username': 'LAPTOP-RSTFGJU4\\Vedant Wartikar', 'name': 'LockApp.exe', 'num_handles': 533, 'ppid': 92, 'memory_percent': 0.3279381343040769, 'num_threads': 12, 'vms': 13.68359375}
{'pid': 1140, 'create_time': 1597390660.0, 'username': None, 'name': 'svchost.exe', 'num_handles': 302, 'ppid': 868, 'memory_percent': 0.04797689041074509, 'num_threads': 6, 'vms': 2.58984375}
{'pid': 1192, 'create_time': 1597390661.0, 'username': None, 'name': 'svchost.exe', 'num_handles': 179, 'ppid': 868, 'memory_percent': 0.04776077829177778, 'num_threads': 5, 'vms': 1.96875}
{'pid': 1196, 'create_time': 1597390660.0, 'username': None, 'name': 'dwm.exe', 'num_handles': 976, 'ppid': 516, 'memory_percent': 0.543882166067756, 'num_threads': 13, 'vms': 72.32421875}
{'pid': 1260, 'create_time': 1597390792.0, 'username': None, 'name': 'svchost.exe', 'num_handles': 388, 'ppid': 868, 'memory_percent': 0.09208777513774145, 'num_threads': 10, 'vms': 4.7734375}
{'pid': 1304, 'create_time': 1597390661.0, 'username': None, 'name': 'svchost.exe', 'num_handles': 259, 'ppid': 868, 'memory_percent': 0.06641845789595643, 'num_threads': 4, 'vms': 2.59375}
{'pid': 1336, 'create_time': 1597390661.0, 'username': None, 'name': 'svchost.exe', 'num_handles': 169, 'ppid': 868, 'memory_percent': 0.07479880562035585, 'num_threads': 4, 'vms': 2.21875}
{'pid': 1368, 'create_time': 1597390661.0, 'username': None, 'name': 'svchost.exe', 'num_handles': 250, 'ppid': 868, 'memory_percent': 0.05213104558645025, 'num_threads': 3, 'vms': 2.12109375}
{'pid': 1388, 'create_time': 1597390673.0, 'username': None, 'name': 'svchost.exe', 'num_handles': 238, 'ppid': 868, 'memory_percent': 0.06356097543405519, 'num_threads': 8, 'vms': 2.83984375}
{'pid': 1428, 'create_time': 1597390661.0, 'username': None, 'name': 'svchost.exe', 'num_handles': 134, 'ppid': 868, 'memory_percent': 0.03645091073248802, 'num_threads': 6, 'vms': 1.54296875}
{'pid': 1456, 'create_time': 1597390696.0, 'username': 'LAPTOP-RSTFGJU4\\Vedant Wartikar', 'name': 'svchost.exe', 'num_handles': 315, 'ppid': 868, 'memory_percent': 0.13761539486685692, 'num_threads': 9, 'vms': 4.16796875}
{'pid': 1572, 'create_time': 1597390661.0, 'username': None, 'name': 'svchost.exe', 'num_handles': 430, 'ppid': 868, 'memory_percent': 0.11036125541931154, 'num_threads': 9, 'vms': 14.828125}
{'pid': 1624, 'create_time': 1597390661.0, 'username': None, 'name': 'svchost.exe', 'num_handles': 153, 'ppid': 868, 'memory_percent': 0.051602771517863466, 'num_threads': 2, 'vms': 1.77734375}
{'pid': 1676, 'create_time': 1597390661.0, 'username': None, 'name': 'svchost.exe', 'num_handles': 150, 'ppid': 868, 'memory_percent': 0.055564827032264334, 'num_threads': 4, 'vms': 5.01953125}
{'pid': 1708, 'create_time': 1597390661.0, 'username': None, 'name': 'svchost.exe', 'num_handles': 227, 'ppid': 868, 'memory_percent': 0.0469683671888976, 'num_threads': 8, 'vms': 2.39453125}
{'pid': 1732, 'create_time': 1597390832.0, 'username': None, 'name': 'svchost.exe', 'num_handles': 221, 'ppid': 868, 'memory_percent': 0.07431855646709513, 'num_threads': 5, 'vms': 3.08203125}
{'pid': 1800, 'create_time': 1597390661.0, 'username': None, 'name': 'NVDisplay.Container.exe', 'num_handles': 328, 'ppid': 868, 'memory_percent': 0.10056417269279302, 'num_threads': 8, 'vms': 5.77734375}
{'pid': 1864, 'create_time': 1597390661.0, 'username': None, 'name': 'svchost.exe', 'num_handles': 301, 'ppid': 868, 'memory_percent': 0.07744017596328975, 'num_threads': 6, 'vms': 2.7890625}
{'pid': 1892, 'create_time': 1597390661.0, 'username': None, 'name': 'svchost.exe', 'num_handles': 388, 'ppid': 868, 'memory_percent': 0.07669578977573564, 'num_threads': 9, 'vms': 4.84765625}
{'pid': 1904, 'create_time': 1597405107.0, 'username': 'LAPTOP-RSTFGJU4\\Vedant Wartikar', 'name': 'chrome.exe', 'num_handles': 1639, 'ppid': 5296, 'memory_percent': 1.1897212273727609, 'num_threads': 33, 'vms': 125.359375}
{'pid': 1916, 'create_time': 1597399229.0, 'username': 'LAPTOP-RSTFGJU4\\Vedant Wartikar', 'name': 'powershell.exe', 'num_handles': 514, 'ppid': 5860, 'memory_percent': 0.4337610352250748, 'num_threads': 12, 'vms': 58.55859375}
{'pid': 1920, 'create_time': 1597390661.0, 'username': None, 'name': 'svchost.exe', 'num_handles': 408, 'ppid': 868, 'memory_percent': 0.09653007980540304, 'num_threads': 11, 'vms': 6.40625}
{'pid': 1936, 'create_time': 1597403261.0, 'username': None, 'name': 'svchost.exe', 'num_handles': 172, 'ppid': 868, 'memory_percent': 0.047880840580092954, 'num_threads': 4, 'vms': 2.28125}
{'pid': 1952, 'create_time': 1597390661.0, 'username': None, 'name': 'svchost.exe', 'num_handles': 175, 'ppid': 868, 'memory_percent': 0.06332085085742482, 'num_threads': 3, 'vms': 2.140625}
{'pid': 1968, 'create_time': 1597405656.0, 'username': 'LAPTOP-RSTFGJU4\\Vedant Wartikar', 'name': 'conhost.exe', 'num_handles': 112, 'ppid': 4280, 'memory_percent': 0.0675470434061191, 'num_threads': 2, 'vms': 6.5234375}
{'pid': 2052, 'create_time': 1597390661.0, 'username': None, 'name': 'wsc_proxy.exe', 'num_handles': 304, 'ppid': 868, 'memory_percent': 0.06721086899883659, 'num_threads': 7, 'vms': 3.98828125}
{'pid': 2104, 'create_time': 1597390661.0, 'username': None, 'name': 'svchost.exe', 'num_handles': 309, 'ppid': 868, 'memory_percent': 0.05354778058856935, 'num_threads': 18, 'vms': 3.62890625}
{'pid': 2184, 'create_time': 1597390662.0, 'username': None, 'name': 'svchost.exe', 'num_handles': 185, 'ppid': 868, 'memory_percent': 0.05198697084047203, 'num_threads': 3, 'vms': 1.99609375}
{'pid': 2232, 'create_time': 1597390662.0, 'username': None, 'name': 'Memory Compression', 'num_handles': 0, 'ppid': 4, 'memory_percent': 0.17142493525641103, 'num_threads': 50, 'vms': 0.14453125}
{'pid': 2276, 'create_time': 1597398096.0, 'username': 'LAPTOP-RSTFGJU4\\Vedant Wartikar', 'name': 'RuntimeBroker.exe', 'num_handles': 130, 'ppid': 92, 'memory_percent': 0.049369612955201155, 'num_threads': 3, 'vms': 1.87109375}
{'pid': 2280, 'create_time': 1597390662.0, 'username': None, 'name': 'svchost.exe', 'num_handles': 310, 'ppid': 868, 'memory_percent': 0.06248041483921859, 'num_threads': 6, 'vms': 2.79296875}
{'pid': 2324, 'create_time': 1597398726.0, 'username': 'LAPTOP-RSTFGJU4\\Vedant Wartikar', 'name': 'conhost.exe', 'num_handles': 121, 'ppid': 5860, 'memory_percent': 0.048385102191016695, 'num_threads': 5, 'vms': 1.7421875}
{'pid': 2332, 'create_time': 1597390662.0, 'username': None, 'name': 'igfxCUIService.exe', 'num_handles': 174, 'ppid': 868, 'memory_percent': 0.052611294739710955, 'num_threads': 3, 'vms': 1.86328125}
{'pid': 2340, 'create_time': 1597390662.0, 'username': None, 'name': 'svchost.exe', 'num_handles': 504, 'ppid': 868, 'memory_percent': 0.05501254050601452, 'num_threads': 8, 'vms': 2.8046875}
{'pid': 2360, 'create_time': 1597396274.0, 'username': 'LAPTOP-RSTFGJU4\\Vedant Wartikar', 'name': 'ShellExperienceHost.exe', 'num_handles': 546, 'ppid': 92, 'memory_percent': 0.3537515262918402, 'num_threads': 14, 'vms': 17.01953125}
{'pid': 2384, 'create_time': 1597390662.0, 'username': None, 'name': 'svchost.exe', 'num_handles': 191, 'ppid': 868, 'memory_percent': 0.09883527574105445, 'num_threads': 4, 'vms': 7.3125}
{'pid': 2404, 'create_time': 1597390734.0, 'username': None, 'name': 'svchost.exe', 'num_handles': 271, 'ppid': 868, 'memory_percent': 0.09633798014409875, 'num_threads': 8, 'vms': 4.9296875}
{'pid': 2416, 'create_time': 1597390793.0, 'username': None, 'name': 'LMS.exe', 'num_handles': 273, 'ppid': 868, 'memory_percent': 0.07448664367073637, 'num_threads': 4, 'vms': 3.28515625}
{'pid': 2600, 'create_time': 1597390663.0, 'username': None, 'name': 'svchost.exe', 'num_handles': 229, 'ppid': 868, 'memory_percent': 0.070188413749053, 'num_threads': 4, 'vms': 2.5234375}
{'pid': 2660, 'create_time': 1597390663.0, 'username': None, 'name': 'svchost.exe', 'num_handles': 200, 'ppid': 868, 'memory_percent': 0.049297575582212046, 'num_threads': 4, 'vms': 2.01953125}
{'pid': 2668, 'create_time': 1597390663.0, 'username': None, 'name': 'svchost.exe', 'num_handles': 163, 'ppid': 868, 'memory_percent': 0.04286223692851852, 'num_threads': 5, 'vms': 1.76171875}
{'pid': 2692, 'create_time': 1597405666.0, 'username': None, 'name': 'WmiPrvSE.exe', 'num_handles': 166, 'ppid': 92, 'memory_percent': 0.060223243818893234, 'num_threads': 7, 'vms': 3.6875}
{'pid': 2820, 'create_time': 1597390664.0, 'username': None, 'name': 'svchost.exe', 'num_handles': 381, 'ppid': 868, 'memory_percent': 0.08661293479056935, 'num_threads': 11, 'vms': 3.4140625}
{'pid': 2988, 'create_time': 1597390664.0, 'username': None, 'name': 'svchost.exe', 'num_handles': 141, 'ppid': 868, 'memory_percent': 0.0402208665855846, 'num_threads': 5, 'vms': 1.82421875}
{'pid': 2996, 'create_time': 1597390664.0, 'username': None, 'name': 'svchost.exe', 'num_handles': 377, 'ppid': 868, 'memory_percent': 0.061447879159708056, 'num_threads': 7, 'vms': 2.6796875}
{'pid': 3008, 'create_time': 1597405108.0, 'username': 'LAPTOP-RSTFGJU4\\Vedant Wartikar', 'name': 'chrome.exe', 'num_handles': 242, 'ppid': 1904, 'memory_percent': 0.3892659511754698, 'num_threads': 15, 'vms': 37.26171875}
{'pid': 3096, 'create_time': 1597390668.0, 'username': None, 'name': 'AdminService.exe', 'num_handles': 216, 'ppid': 868, 'memory_percent': 0.052323145247754534, 'num_threads': 3, 'vms': 3.3046875}
{'pid': 3136, 'create_time': 1597405108.0, 'username': 'LAPTOP-RSTFGJU4\\Vedant Wartikar', 'name': 'chrome.exe', 'num_handles': 238, 'ppid': 1904, 'memory_percent': 0.2555405744500247, 'num_threads': 14, 'vms': 18.875}
{'pid': 3148, 'create_time': 1597390665.0, 'username': None, 'name': 'svchost.exe', 'num_handles': 504, 'ppid': 868, 'memory_percent': 0.1153318341555599, 'num_threads': 14, 'vms': 6.05078125}
{'pid': 3188, 'create_time': 1597390668.0, 'username': None, 'name': 'Updater.exe', 'num_handles': 306, 'ppid': 868, 'memory_percent': 0.07268570934600871, 'num_threads': 3, 'vms': 4.78125}
{'pid': 3196, 'create_time': 1597390668.0, 'username': None, 'name': 'Crypserv.exe', 'num_handles': 186, 'ppid': 868, 'memory_percent': 0.05234715770541757, 'num_threads': 5, 'vms': 3.234375}
{'pid': 3228, 'create_time': 1597390666.0, 'username': None, 'name': 'svchost.exe', 'num_handles': 217, 'ppid': 868, 'memory_percent': 0.07741616350562672, 'num_threads': 4, 'vms': 2.50390625}
{'pid': 3264, 'create_time': 1597390666.0, 'username': None, 'name': 'AvastSvc.exe', 'num_handles': 5503, 'ppid': 868, 'memory_percent': 1.3933228558976396, 'num_threads': 181, 'vms': 163.4140625}
{'pid': 3432, 'create_time': 1597390780.0, 'username': 'LAPTOP-RSTFGJU4\\Vedant Wartikar', 'name': 'WinStore.App.exe', 'num_handles': 961, 'ppid': 92, 'memory_percent': 0.0023292083933144515, 'num_threads': 20, 'vms': 50.5234375}
{'pid': 3556, 'create_time': 1597390667.0, 'username': None, 'name': 'spoolsv.exe', 'num_handles': 434, 'ppid': 868, 'memory_percent': 0.09016677852469861, 'num_threads': 7, 'vms': 5.26171875}
{'pid': 3592, 'create_time': 1597390667.0, 'username': None, 'name': 'svchost.exe', 'num_handles': 434, 'ppid': 868, 'memory_percent': 0.12270365865811182, 'num_threads': 13, 'vms': 11.0859375}
{'pid': 3624, 'create_time': 1597390667.0, 'username': None, 'name': 'svchost.exe', 'num_handles': 191, 'ppid': 868, 'memory_percent': 0.049897887023787946, 'num_threads': 6, 'vms': 2.09765625}
{'pid': 3740, 'create_time': 1597390671.0, 'username': None, 'name': 'svchost.exe', 'num_handles': 166, 'ppid': 868, 'memory_percent': 0.044495084049604935, 'num_threads': 4, 'vms': 1.79296875}
{'pid': 3852, 'create_time': 1597390668.0, 'username': None, 'name': 'svchost.exe', 'num_handles': 542, 'ppid': 868, 'memory_percent': 0.22674963771204504, 'num_threads': 12, 'vms': 18.4921875}
{'pid': 3860, 'create_time': 1597390668.0, 'username': None, 'name': 'svchost.exe', 'num_handles': 382, 'ppid': 868, 'memory_percent': 0.0872612711474713, 'num_threads': 8, 'vms': 4.5078125}
{'pid': 3868, 'create_time': 1597390668.0, 'username': None, 'name': 'svchost.exe', 'num_handles': 479, 'ppid': 868, 'memory_percent': 0.12407236874490486, 'num_threads': 13, 'vms': 10.015625}
{'pid': 3884, 'create_time': 1597390668.0, 'username': None, 'name': 'svchost.exe', 'num_handles': 128, 'ppid': 868, 'memory_percent': 0.03383355284721713, 'num_threads': 3, 'vms': 1.26171875}
{'pid': 3892, 'create_time': 1597390709.0, 'username': 'LAPTOP-RSTFGJU4\\Vedant Wartikar', 'name': 'NVIDIA Share.exe', 'num_handles': 332, 'ppid': 13084, 'memory_percent': 0.42581291173861, 'num_threads': 16, 'vms': 46.66015625}
{'pid': 3904, 'create_time': 1597390668.0, 'username': None, 'name': 'svchost.exe', 'num_handles': 146, 'ppid': 868, 'memory_percent': 0.03906826861775889, 'num_threads': 2, 'vms': 1.50390625}
{'pid': 3920, 'create_time': 1597390668.0, 'username': None, 'name': 'svchost.exe', 'num_handles': 166, 'ppid': 868, 'memory_percent': 0.03628282352884677, 'num_threads': 3, 'vms': 1.50390625}
{'pid': 3928, 'create_time': 1597390668.0, 'username': None, 'name': 'svchost.exe', 'num_handles': 135, 'ppid': 868, 'memory_percent': 0.03983666726297603, 'num_threads': 2, 'vms': 1.58984375}
{'pid': 3936, 'create_time': 1597390668.0, 'username': None, 'name': 'svchost.exe', 'num_handles': 182, 'ppid': 868, 'memory_percent': 0.049369612955201155, 'num_threads': 5, 'vms': 1.89453125}
{'pid': 3948, 'create_time': 1597390668.0, 'username': None, 'name': 'svchost.exe', 'num_handles': 425, 'ppid': 868, 'memory_percent': 0.26452123361599994, 'num_threads': 23, 'vms': 32.62890625}
{'pid': 3956, 'create_time': 1597390668.0, 'username': None, 'name': 'mDNSResponder.exe', 'num_handles': 176, 'ppid': 868, 'memory_percent': 0.04108531506145388, 'num_threads': 3, 'vms': 1.859375}
{'pid': 3972, 'create_time': 1597390668.0, 'username': None, 'name': 'AppleMobileDeviceService.exe', 'num_handles': 228, 'ppid': 868, 'memory_percent': 0.07820857460850689, 'num_threads': 8, 'vms': 3.50390625}
{'pid': 3980, 'create_time': 1597390668.0, 'username': None, 'name': 'svchost.exe', 'num_handles': 444, 'ppid': 868, 'memory_percent': 0.14059293961707334, 'num_threads': 8, 'vms': 5.1328125}
{'pid': 4004, 'create_time': 1597390668.0, 'username': None, 'name': 'Lavasoft.WCAssistant.WinService.exe', 'num_handles': 550, 'ppid': 868, 'memory_percent': 0.31682036640609146, 'num_threads': 6, 'vms': 35.56640625}
{'pid': 4012, 'create_time': 1597390734.0, 'username': 'LAPTOP-RSTFGJU4\\Vedant Wartikar', 'name': 'AvastUI.exe', 'num_handles': 643, 'ppid': 14228, 'memory_percent': 0.03558646225661873, 'num_threads': 10, 'vms': 16.43359375}
{'pid': 4028, 'create_time': 1597390668.0, 'username': None, 'name': 'AiSquared.Magnification.Service.exe', 'num_handles': 106, 'ppid': 868, 'memory_percent': 0.0427181621825403, 'num_threads': 5, 'vms': 2.90234375}
{'pid': 4060, 'create_time': 1597390668.0, 'username': None, 'name': 'nvcontainer.exe', 'num_handles': 707, 'ppid': 868, 'memory_percent': 0.23208040331323893, 'num_threads': 39, 'vms': 13.7890625}
{'pid': 4068, 'create_time': 1597390668.0, 'username': None, 'name': 'armsvc.exe', 'num_handles': 146, 'ppid': 868, 'memory_percent': 0.03918833090607407, 'num_threads': 2, 'vms': 1.80859375}
{'pid': 4076, 'create_time': 1597390668.0, 'username': None, 'name': 'ZoomTextHelperService.exe', 'num_handles': 68, 'ppid': 868, 'memory_percent': 0.021899361388688452, 'num_threads': 2, 'vms': 0.87109375}
{'pid': 4116, 'create_time': 1597390668.0, 'username': None, 'name': 'svchost.exe', 'num_handles': 212, 'ppid': 868, 'memory_percent': 0.04423094701531154, 'num_threads': 14, 'vms': 2.3359375}
{'pid': 4144, 'create_time': 1597390781.0, 'username': 'LAPTOP-RSTFGJU4\\Vedant Wartikar', 'name': 'RuntimeBroker.exe', 'num_handles': 217, 'ppid': 92, 'memory_percent': 0.12095074924871024, 'num_threads': 3, 'vms': 5.42578125}
{'pid': 4236, 'create_time': 1597390668.0, 'username': None, 'name': 'svchost.exe', 'num_handles': 210, 'ppid': 868, 'memory_percent': 0.05443624152210167, 'num_threads': 6, 'vms': 2.37890625}
{'pid': 4260, 'create_time': 1597397940.0, 'username': 'LAPTOP-RSTFGJU4\\Vedant Wartikar', 'name': 'conhost.exe', 'num_handles': 118, 'ppid': 4648, 'memory_percent': 0.04843312710634277, 'num_threads': 4, 'vms': 1.69921875}
{'pid': 4280, 'create_time': 1597405656.0, 'username': 'LAPTOP-RSTFGJU4\\Vedant Wartikar', 'name': 'python.exe', 'num_handles': 169, 'ppid': 10884, 'memory_percent': 0.156561223962992, 'num_threads': 3, 'vms': 17.98828125}
{'pid': 4288, 'create_time': 1597398095.0, 'username': 'LAPTOP-RSTFGJU4\\Vedant Wartikar', 'name': 'Video.UI.exe', 'num_handles': 663, 'ppid': 92, 'memory_percent': 0.008500410012714597, 'num_threads': 17, 'vms': 19.671875}
{'pid': 4316, 'create_time': 1597397940.0, 'username': 'LAPTOP-RSTFGJU4\\Vedant Wartikar', 'name': 'Code.exe', 'num_handles': 239, 'ppid': 7356, 'memory_percent': 0.10063621006578213, 'num_threads': 6, 'vms': 7.14453125}
{'pid': 4384, 'create_time': 1597390668.0, 'username': None, 'name': 'svchost.exe', 'num_handles': 530, 'ppid': 868, 'memory_percent': 0.08690108428252577, 'num_threads': 9, 'vms': 5.234375}
{'pid': 4424, 'create_time': 1597390669.0, 'username': None, 'name': 'svchost.exe', 'num_handles': 238, 'ppid': 868, 'memory_percent': 0.04653614295096296, 'num_threads': 8, 'vms': 2.28125}
{'pid': 4484, 'create_time': 1597390668.0, 'username': None, 'name': 'svchost.exe', 'num_handles': 109, 'ppid': 868, 'memory_percent': 0.03284904208303268, 'num_threads': 3, 'vms': 1.3125}
{'pid': 4564, 'create_time': 1597390668.0, 'username': None, 'name': 'dasHost.exe', 'num_handles': 139, 'ppid': 3904, 'memory_percent': 0.032416817845098034, 'num_threads': 2, 'vms': 1.29296875}
{'pid': 4576, 'create_time': 1597390668.0, 'username': None, 'name': 'svchost.exe', 'num_handles': 404, 'ppid': 868, 'memory_percent': 0.07912104799970225, 'num_threads': 13, 'vms': 3.59765625}
{'pid': 5296, 'create_time': 1597390690.0, 'username': 'LAPTOP-RSTFGJU4\\Vedant Wartikar', 'name': 'explorer.exe', 'num_handles': 2984, 'ppid': 9112, 'memory_percent': 1.0141181244829818, 'num_threads': 85, 'vms': 83.45703125}
{'pid': 5304, 'create_time': 1597390700.0, 'username': 'LAPTOP-RSTFGJU4\\Vedant Wartikar', 'name': 'YourPhone.exe', 'num_handles': 569, 'ppid': 92, 'memory_percent': 0.3090163176656049, 'num_threads': 14, 'vms': 21.67578125}
{'pid': 5408, 'create_time': 1597398192.0, 'username': 'LAPTOP-RSTFGJU4\\Vedant Wartikar', 'name': 'RuntimeBroker.exe', 'num_handles': 469, 'ppid': 92, 'memory_percent': 0.1987511120769455, 'num_threads': 5, 'vms': 12.0390625}
{'pid': 5460, 'create_time': 1597390670.0, 'username': None, 'name': 'svchost.exe', 'num_handles': 129, 'ppid': 868, 'memory_percent': 0.04473520862623529, 'num_threads': 2, 'vms': 1.52734375}
{'pid': 5644, 'create_time': 1597405305.0, 'username': 'LAPTOP-RSTFGJU4\\Vedant Wartikar', 'name': 'chrome.exe', 'num_handles': 344, 'ppid': 1904, 'memory_percent': 0.603337011241432, 'num_threads': 17, 'vms': 64.8359375}
{'pid': 5668, 'create_time': 1597390671.0, 'username': None, 'name': 'rundll32.exe', 'num_handles': 130, 'ppid': 4060, 'memory_percent': 0.04432699684596369, 'num_threads': 2, 'vms': 1.6015625}
{'pid': 5728, 'create_time': 1597390680.0, 'username': None, 'name': 'dllhost.exe', 'num_handles': 196, 'ppid': 92, 'memory_percent': 0.06418529933329412, 'num_threads': 4, 'vms': 3.12109375}
{'pid': 5796, 'create_time': 1597405108.0, 'username': 'LAPTOP-RSTFGJU4\\Vedant Wartikar', 'name': 'chrome.exe', 'num_handles': 233, 'ppid': 1904, 'memory_percent': 0.22631741347411038, 'num_threads': 14, 'vms': 17.39453125}
{'pid': 5860, 'create_time': 1597398725.0, 'username': 'LAPTOP-RSTFGJU4\\Vedant Wartikar', 'name': 'Code.exe', 'num_handles': 606, 'ppid': 7356, 'memory_percent': 1.4715794554214727, 'num_threads': 35, 'vms': 222.4921875}
{'pid': 5900, 'create_time': 1597398726.0, 'username': 'LAPTOP-RSTFGJU4\\Vedant Wartikar', 'name': 'CodeHelper.exe', 'num_handles': 386, 'ppid': 5860, 'memory_percent': 0.08594058597600435, 'num_threads': 13, 'vms': 11.17578125}
{'pid': 5940, 'create_time': 1597390671.0, 'username': None, 'name': 'svchost.exe', 'num_handles': 201, 'ppid': 868, 'memory_percent': 0.0675470434061191, 'num_threads': 2, 'vms': 2.1015625}
{'pid': 5996, 'create_time': 1597390722.0, 'username': 'LAPTOP-RSTFGJU4\\Vedant Wartikar', 'name': 'jusched.exe', 'num_handles': 163, 'ppid': 1888, 'memory_percent': 0.050354123719385614, 'num_threads': 1, 'vms': 1.76953125}
{'pid': 6088, 'create_time': 1597390671.0, 'username': None, 'name': 'aswEngSrv.exe', 'num_handles': 733, 'ppid': 3264, 'memory_percent': 0.6756385212648321, 'num_threads': 33, 'vms': 59.2109375}
{'pid': 6112, 'create_time': 1597390830.0, 'username': 'LAPTOP-RSTFGJU4\\Vedant Wartikar', 'name': 'SystemSettings.exe', 'num_handles': 831, 'ppid': 92, 'memory_percent': 0.002305195935651416, 'num_threads': 22, 'vms': 23.4609375}
{'pid': 6232, 'create_time': 1597405608.0, 'username': None, 'name': 'SearchFilterHost.exe', 'num_handles': 127, 'ppid': 6256, 'memory_percent': 0.040004754466617276, 'num_threads': 4, 'vms': 1.51953125}
{'pid': 6256, 'create_time': 1597390672.0, 'username': None, 'name': 'SearchIndexer.exe', 'num_handles': 858, 'ppid': 868, 'memory_percent': 0.38672063066318807, 'num_threads': 17, 'vms': 49.12109375}
{'pid': 6332, 'create_time': 1597405108.0, 'username': 'LAPTOP-RSTFGJU4\\Vedant Wartikar', 'name': 'chrome.exe', 'num_handles': 249, 'ppid': 1904, 'memory_percent': 0.33970423855896437, 'num_threads': 17, 'vms': 29.94140625}
{'pid': 6376, 'create_time': 1597399229.0, 'username': 'LAPTOP-RSTFGJU4\\Vedant Wartikar', 'name': 'conhost.exe', 'num_handles': 125, 'ppid': 5860, 'memory_percent': 0.049297575582212046, 'num_threads': 5, 'vms': 1.765625}
{'pid': 6568, 'create_time': 1597405689.0, 'username': 'LAPTOP-RSTFGJU4\\Vedant Wartikar', 'name': 'python.exe', 'num_handles': 140, 'ppid': 11396, 'memory_percent': 0.6832264578863515, 'num_threads': 1, 'vms': 105.109375}
{'pid': 6836, 'create_time': 1597399019.0, 'username': 'LAPTOP-RSTFGJU4\\Vedant Wartikar', 'name': 'conhost.exe', 'num_handles': 112, 'ppid': 10884, 'memory_percent': 0.06651450772660857, 'num_threads': 2, 'vms': 6.51953125}
{'pid': 7188, 'create_time': 1597390673.0, 'username': None, 'name': 'aswidsagent.exe', 'num_handles': 1231, 'ppid': 868, 'memory_percent': 0.2871409687345795, 'num_threads': 23, 'vms': 34.12109375}
{'pid': 7340, 'create_time': 1597396275.0, 'username': 'LAPTOP-RSTFGJU4\\Vedant Wartikar', 'name': 'RuntimeBroker.exe', 'num_handles': 288, 'ppid': 92, 'memory_percent': 0.11465948534099492, 'num_threads': 4, 'vms': 6.08203125}
{'pid': 7356, 'create_time': 1597397937.0, 'username': 'LAPTOP-RSTFGJU4\\Vedant Wartikar', 'name': 'Code.exe', 'num_handles': 885, 'ppid': 5296, 'memory_percent': 0.6365222277317473, 'num_threads': 28, 'vms': 46.14453125}
{'pid': 7456, 'create_time': 1597404888.0, 'username': 'LAPTOP-RSTFGJU4\\Vedant Wartikar', 'name': 'ZtUac64.exe', 'num_handles': 113, 'ppid': 13356, 'memory_percent': 0.040004754466617276, 'num_threads': 3, 'vms': 1.58203125}
{'pid': 7584, 'create_time': 1597391701.0, 'username': 'LAPTOP-RSTFGJU4\\Vedant Wartikar', 'name': 'dllhost.exe', 'num_handles': 139, 'ppid': 92, 'memory_percent': 0.05767792330661147, 'num_threads': 4, 'vms': 2.19140625}
{'pid': 7696, 'create_time': 1597390684.0, 'username': None, 'name': 'svchost.exe', 'num_handles': 267, 'ppid': 868, 'memory_percent': 0.056549337796448794, 'num_threads': 7, 'vms': 4.29296875}
{'pid': 7736, 'create_time': 1597405686.0, 'username': 'LAPTOP-RSTFGJU4\\Vedant Wartikar', 'name': 'chrome.exe', 'num_handles': 250, 'ppid': 1904, 'memory_percent': 0.2944887807794684, 'num_threads': 18, 'vms': 24.421875}
{'pid': 7816, 'create_time': 1597405689.0, 'username': 'LAPTOP-RSTFGJU4\\Vedant Wartikar', 'name': 'conhost.exe', 'num_handles': 112, 'ppid': 6568, 'memory_percent': 0.0675470434061191, 'num_threads': 2, 'vms': 6.515625}
{'pid': 7924, 'create_time': 1597390675.0, 'username': None, 'name': 'unsecapp.exe', 'num_handles': 132, 'ppid': 92, 'memory_percent': 0.04209383828330138, 'num_threads': 3, 'vms': 1.58203125}
{'pid': 8128, 'create_time': 1597405686.0, 'username': 'LAPTOP-RSTFGJU4\\Vedant Wartikar', 'name': 'chrome.exe', 'num_handles': 243, 'ppid': 1904, 'memory_percent': 0.2227635697399811, 'num_threads': 16, 'vms': 17.5234375}
{'pid': 8212, 'create_time': 1597390689.0, 'username': None, 'name': 'PresentationFontCache.exe', 'num_handles': 229, 'ppid': 868, 'memory_percent': 0.12179118526691649, 'num_threads': 4, 'vms': 24.8984375}
{'pid': 8284, 'create_time': 1597390687.0, 'username': None, 'name': 'NVDisplay.Container.exe', 'num_handles': 658, 'ppid': 1800, 'memory_percent': 0.23921210323916048, 'num_threads': 29, 'vms': 31.125}
{'pid': 8496, 'create_time': 1597390688.0, 'username': 'LAPTOP-RSTFGJU4\\Vedant Wartikar', 'name': 'nvcontainer.exe', 'num_handles': 336, 'ppid': 4060, 'memory_percent': 0.1566332613359811, 'num_threads': 13, 'vms': 7.16796875}
{'pid': 8504, 'create_time': 1597390688.0, 'username': 'LAPTOP-RSTFGJU4\\Vedant Wartikar', 'name': 'nvcontainer.exe', 'num_handles': 427, 'ppid': 4060, 'memory_percent': 0.2902385757731111, 'num_threads': 24, 'vms': 32.25390625}
{'pid': 8516, 'create_time': 1597390688.0, 'username': 'LAPTOP-RSTFGJU4\\Vedant Wartikar', 'name': 'sihost.exe', 'num_handles': 605, 'ppid': 2280, 'memory_percent': 0.17682773823059403, 'num_threads': 7, 'vms': 7.38671875}
{'pid': 8524, 'create_time': 1597390688.0, 'username': 'LAPTOP-RSTFGJU4\\Vedant Wartikar', 'name': 'svchost.exe', 'num_handles': 493, 'ppid': 868, 'memory_percent': 0.1784365728940174, 'num_threads': 10, 'vms': 11.78515625}
{'pid': 8548, 'create_time': 1597390688.0, 'username': 'LAPTOP-RSTFGJU4\\Vedant Wartikar', 'name': 'svchost.exe', 'num_handles': 117, 'ppid': 868, 'memory_percent': 0.04235797531759477, 'num_threads': 2, 'vms': 1.84765625}
{'pid': 8572, 'create_time': 1597390688.0, 'username': 'LAPTOP-RSTFGJU4\\Vedant Wartikar', 'name': 'svchost.exe', 'num_handles': 562, 'ppid': 868, 'memory_percent': 0.2607512777629034, 'num_threads': 8, 'vms': 12.5546875}
{'pid': 8688, 'create_time': 1597390688.0, 'username': 'LAPTOP-RSTFGJU4\\Vedant Wartikar', 'name': 'taskhostw.exe', 'num_handles': 246, 'ppid': 1920, 'memory_percent': 0.1031094932050748, 'num_threads': 6, 'vms': 6.84375}
{'pid': 8704, 'create_time': 1597390688.0, 'username': None, 'name': 'svchost.exe', 'num_handles': 273, 'ppid': 868, 'memory_percent': 0.09830700167246767, 'num_threads': 6, 'vms': 3.68359375}
{'pid': 8760, 'create_time': 1597390688.0, 'username': None, 'name': 'svchost.exe', 'num_handles': 167, 'ppid': 868, 'memory_percent': 0.04924955066688598, 'num_threads': 4, 'vms': 1.96484375}
{'pid': 8836, 'create_time': 1597390689.0, 'username': 'LAPTOP-RSTFGJU4\\Vedant Wartikar', 'name': 'ctfmon.exe', 'num_handles': 414, 'ppid': 8760, 'memory_percent': 0.09590575590616413, 'num_threads': 12, 'vms': 4.03125}
{'pid': 8952, 'create_time': 1597390700.0, 'username': 'LAPTOP-RSTFGJU4\\Vedant Wartikar', 'name': 'AiSquared.Loader.Generic.exe', 'num_handles': 635, 'ppid': 10404, 'memory_percent': 0.38916990134481766, 'num_threads': 9, 'vms': 30.6640625}
{'pid': 9036, 'create_time': 1597390689.0, 'username': None, 'name': 'svchost.exe', 'num_handles': 142, 'ppid': 868, 'memory_percent': 0.046752255069930276, 'num_threads': 4, 'vms': 1.91796875}
{'pid': 9104, 'create_time': 1597390689.0, 'username': None, 'name': 'svchost.exe', 'num_handles': 176, 'ppid': 868, 'memory_percent': 0.06041534348019753, 'num_threads': 3, 'vms': 2.31640625}
{'pid': 9156, 'create_time': 1597390689.0, 'username': None, 'name': 'svchost.exe', 'num_handles': 416, 'ppid': 868, 'memory_percent': 0.11797320449849383, 'num_threads': 8, 'vms': 5.6875}
{'pid': 9208, 'create_time': 1597397937.0, 'username': 'LAPTOP-RSTFGJU4\\Vedant Wartikar', 'name': 'Code.exe', 'num_handles': 554, 'ppid': 7356, 'memory_percent': 1.4724439038973418, 'num_threads': 18, 'vms': 232.53125}
{'pid': 9252, 'create_time': 1597390691.0, 'username': 'LAPTOP-RSTFGJU4\\Vedant Wartikar', 'name': 'igfxEM.exe', 'num_handles': 217, 'ppid': 8960, 'memory_percent': 0.08829380682698185, 'num_threads': 3, 'vms': 3.70703125}
{'pid': 9352, 'create_time': 1597390691.0, 'username': 'LAPTOP-RSTFGJU4\\Vedant Wartikar', 'name': 'svchost.exe', 'num_handles': 663, 'ppid': 868, 'memory_percent': 0.1904428017255352, 'num_threads': 6, 'vms': 7.40234375}
{'pid': 9380, 'create_time': 1597390691.0, 'username': 'LAPTOP-RSTFGJU4\\Vedant Wartikar', 'name': 'NVIDIA Web Helper.exe', 'num_handles': 730, 'ppid': 8680, 'memory_percent': 0.089758566744427, 'num_threads': 95, 'vms': 32.3515625}
{'pid': 9444, 'create_time': 1597397941.0, 'username': 'LAPTOP-RSTFGJU4\\Vedant Wartikar', 'name': 'Code.exe', 'num_handles': 419, 'ppid': 7356, 'memory_percent': 0.49321588039875086, 'num_threads': 25, 'vms': 50.1796875}
{'pid': 9684, 'create_time': 1597390692.0, 'username': 'LAPTOP-RSTFGJU4\\Vedant Wartikar', 'name': 'conhost.exe', 'num_handles': 115, 'ppid': 9380, 'memory_percent': 0.010253319422116195, 'num_threads': 2, 'vms': 6.52734375}
{'pid': 9816, 'create_time': 1597390693.0, 'username': None, 'name': 'GoogleCrashHandler.exe', 'num_handles': 175, 'ppid': 8616, 'memory_percent': 0.006819537976302106, 'num_threads': 3, 'vms': 1.8125}
{'pid': 9824, 'create_time': 1597390693.0, 'username': None, 'name': 'GoogleCrashHandler64.exe', 'num_handles': 154, 'ppid': 8616, 'memory_percent': 0.006531388484345678, 'num_threads': 3, 'vms': 1.78515625}
{'pid': 9924, 'create_time': 1597390697.0, 'username': 'LAPTOP-RSTFGJU4\\Vedant Wartikar', 'name': 'StartMenuExperienceHost.exe', 'num_handles': 607, 'ppid': 92, 'memory_percent': 0.46761860052995496, 'num_threads': 8, 'vms': 28.38671875}
{'pid': 9988, 'create_time': 1597405108.0, 'username': 'LAPTOP-RSTFGJU4\\Vedant Wartikar', 'name': 'chrome.exe', 'num_handles': 231, 'ppid': 1904, 'memory_percent': 0.22110671016123162, 'num_threads': 14, 'vms': 17.921875}
{'pid': 10264, 'create_time': 1597405108.0, 'username': 'LAPTOP-RSTFGJU4\\Vedant Wartikar', 'name': 'chrome.exe', 'num_handles': 239, 'ppid': 1904, 'memory_percent': 0.2703082359127916, 'num_threads': 14, 'vms': 21.61328125}
{'pid': 10360, 'create_time': 1597390699.0, 'username': 'LAPTOP-RSTFGJU4\\Vedant Wartikar', 'name': 'SettingSyncHost.exe', 'num_handles': 483, 'ppid': 92, 'memory_percent': 0.06113571721008859, 'num_threads': 8, 'vms': 6.9375}
{'pid': 10400, 'create_time': 1597390700.0, 'username': None, 'name': 'svchost.exe', 'num_handles': 271, 'ppid': 868, 'memory_percent': 0.08682904690953668, 'num_threads': 5, 'vms': 3.609375}
{'pid': 10436, 'create_time': 1597390697.0, 'username': 'LAPTOP-RSTFGJU4\\Vedant Wartikar', 'name': 'RuntimeBroker.exe', 'num_handles': 328, 'ppid': 92, 'memory_percent': 0.16208408922549017, 'num_threads': 3, 'vms': 6.80078125}
{'pid': 10772, 'create_time': 1597392232.0, 'username': 'LAPTOP-RSTFGJU4\\Vedant Wartikar', 'name': 'WindowsInternal.ComposableShell.Experiences.TextInput.InputApp.exe', 'num_handles': 495, 'ppid': 92, 'memory_percent': 0.28983036399283946, 'num_threads': 10, 'vms': 12.171875}
{'pid': 10884, 'create_time': 1597399019.0, 'username': 'LAPTOP-RSTFGJU4\\Vedant Wartikar', 'name': 'python.exe', 'num_handles': 160, 'ppid': 11396, 'memory_percent': 0.7780516531976789, 'num_threads': 2, 'vms': 120.2421875}
{'pid': 10892, 'create_time': 1597390699.0, 'username': 'LAPTOP-RSTFGJU4\\Vedant Wartikar', 'name': 'RuntimeBroker.exe', 'num_handles': 533, 'ppid': 92, 'memory_percent': 0.20093624572428176, 'num_threads': 11, 'vms': 12.796875}
{'pid': 11040, 'create_time': 1597397938.0, 'username': 'LAPTOP-RSTFGJU4\\Vedant Wartikar', 'name': 'Code.exe', 'num_handles': 450, 'ppid': 7356, 'memory_percent': 0.2785685213488758, 'num_threads': 9, 'vms': 28.09375}
{'pid': 11144, 'create_time': 1597390786.0, 'username': None, 'name': 'svchost.exe', 'num_handles': 206, 'ppid': 868, 'memory_percent': 0.11120169143751778, 'num_threads': 3, 'vms': 4.84765625}
{'pid': 11396, 'create_time': 1597398726.0, 'username': 'LAPTOP-RSTFGJU4\\Vedant Wartikar', 'name': 'Code.exe', 'num_handles': 471, 'ppid': 5860, 'memory_percent': 0.8442539989746681, 'num_threads': 25, 'vms': 116.32421875}
{'pid': 11508, 'create_time': 1597404165.0, 'username': None, 'name': 'svchost.exe', 'num_handles': 114, 'ppid': 868, 'memory_percent': 0.0355624497989557, 'num_threads': 3, 'vms': 1.5390625}
{'pid': 11528, 'create_time': 1597390702.0, 'username': 'LAPTOP-RSTFGJU4\\Vedant Wartikar', 'name': 'AiSquared.Loader.Elevated.exe', 'num_handles': 327, 'ppid': 8952, 'memory_percent': 0.16943190127037908, 'num_threads': 4, 'vms': 11.56640625}
{'pid': 11556, 'create_time': 1597405107.0, 'username': 'LAPTOP-RSTFGJU4\\Vedant Wartikar', 'name': 'chrome.exe', 'num_handles': 209, 'ppid': 1904, 'memory_percent': 0.048577201852320985, 'num_threads': 8, 'vms': 2.4375}
{'pid': 11612, 'create_time': 1597390702.0, 'username': 'LAPTOP-RSTFGJU4\\Vedant Wartikar', 'name': 'AiSquared.Loader.Elevated.exe', 'num_handles': 307, 'ppid': 8952, 'memory_percent': 0.20477823895036748, 'num_threads': 4, 'vms': 20.7421875}
{'pid': 11868, 'create_time': 1597390793.0, 'username': None, 'name': 'jhi_service.exe', 'num_handles': 152, 'ppid': 868, 'memory_percent': 0.040412966246888886, 'num_threads': 2, 'vms': 1.42578125}
{'pid': 12052, 'create_time': 1597391700.0, 'username': 'LAPTOP-RSTFGJU4\\Vedant Wartikar', 'name': 'AcerRegistrationBackGroundTask.exe', 'num_handles': 826, 'ppid': 13972, 'memory_percent': 0.3278420844734248, 'num_threads': 12, 'vms': 40.2109375}
{'pid': 12104, 'create_time': 1597405492.0, 'username': None, 'name': 'svchost.exe', 'num_handles': 229, 'ppid': 868, 'memory_percent': 0.07124496188622657, 'num_threads': 9, 'vms': 3.09375}
{'pid': 12112, 'create_time': 1597390792.0, 'username': None, 'name': 'svchost.exe', 'num_handles': 534, 'ppid': 868, 'memory_percent': 0.13310105282620624, 'num_threads': 16, 'vms': 10.4609375}
{'pid': 12196, 'create_time': 1597390841.0, 'username': 'LAPTOP-RSTFGJU4\\Vedant Wartikar', 'name': 'RemindersServer.exe', 'num_handles': 206, 'ppid': 92, 'memory_percent': 0.008788559504671023, 'num_threads': 4, 'vms': 2.85546875}
{'pid': 12292, 'create_time': 1597398726.0, 'username': 'LAPTOP-RSTFGJU4\\Vedant Wartikar', 'name': 'powershell.exe', 'num_handles': 415, 'ppid': 5860, 'memory_percent': 0.4287904564888264, 'num_threads': 11, 'vms': 58.15234375}
{'pid': 12432, 'create_time': 1597404885.0, 'username': None, 'name': 'svchost.exe', 'num_handles': 114, 'ppid': 868, 'memory_percent': 0.034073677423847495, 'num_threads': 5, 'vms': 1.5546875}
{'pid': 12436, 'create_time': 1597390726.0, 'username': 'LAPTOP-RSTFGJU4\\Vedant Wartikar', 'name': 'SearchUI.exe', 'num_handles': 1088, 'ppid': 92, 'memory_percent': 0.875854393259223, 'num_threads': 37, 'vms': 81.42578125}
{'pid': 12808, 'create_time': 1597390793.0, 'username': None, 'name': 'svchost.exe', 'num_handles': 235, 'ppid': 868, 'memory_percent': 0.07400639451747568, 'num_threads': 3, 'vms': 3.1171875}
{'pid': 12832, 'create_time': 1597390794.0, 'username': None, 'name': 'SgrmBroker.exe', 'num_handles': 89, 'ppid': 868, 'memory_percent': 0.03998074200895424, 'num_threads': 5, 'vms': 3.5234375}
{'pid': 12872, 'create_time': 1597390708.0, 'username': 'LAPTOP-RSTFGJU4\\Vedant Wartikar', 'name': 'NVIDIA Share.exe', 'num_handles': 480, 'ppid': 13084, 'memory_percent': 0.2553724872463834, 'num_threads': 11, 'vms': 32.89453125}
{'pid': 12916, 'create_time': 1597398726.0, 'username': 'LAPTOP-RSTFGJU4\\Vedant Wartikar', 'name': 'conhost.exe', 'num_handles': 112, 'ppid': 5900, 'memory_percent': 0.06723488145649963, 'num_threads': 2, 'vms': 6.5390625}
{'pid': 13072, 'create_time': 1597390706.0, 'username': 'LAPTOP-RSTFGJU4\\Vedant Wartikar', 'name': 'nvsphelper64.exe', 'num_handles': 220, 'ppid': 4060, 'memory_percent': 0.085028112584809, 'num_threads': 5, 'vms': 3.1953125}
{'pid': 13084, 'create_time': 1597390706.0, 'username': 'LAPTOP-RSTFGJU4\\Vedant Wartikar', 'name': 'NVIDIA Share.exe', 'num_handles': 782, 'ppid': 8496, 'memory_percent': 0.37140068267417137, 'num_threads': 27, 'vms': 21.43359375}
{'pid': 13236, 'create_time': 1597405108.0, 'username': 'LAPTOP-RSTFGJU4\\Vedant Wartikar', 'name': 'chrome.exe', 'num_handles': 556, 'ppid': 1904, 'memory_percent': 0.9156190231492098, 'num_threads': 20, 'vms': 137.26953125}
{'pid': 13296, 'create_time': 1597390717.0, 'username': 'LAPTOP-RSTFGJU4\\Vedant Wartikar', 'name': 'Skype.exe', 'num_handles': 827, 'ppid': 5296, 'memory_percent': 0.4556603966137632, 'num_threads': 26, 'vms': 32.69140625}
{'pid': 13368, 'create_time': 1597390907.0, 'username': None, 'name': 'svchost.exe', 'num_handles': 151, 'ppid': 868, 'memory_percent': 0.06884371611992302, 'num_threads': 4, 'vms': 1.9921875}
{'pid': 13448, 'create_time': 1597390709.0, 'username': 'LAPTOP-RSTFGJU4\\Vedant Wartikar', 'name': 'SecurityHealthSystray.exe', 'num_handles': 158, 'ppid': 5296, 'memory_percent': 0.05974299466563253, 'num_threads': 1, 'vms': 2.078125}
{'pid': 13472, 'create_time': 1597390710.0, 'username': None, 'name': 'SecurityHealthService.exe', 'num_handles': 392, 'ppid': 868, 'memory_percent': 0.09141542632317647, 'num_threads': 11, 'vms': 4.046875}
{'pid': 13536, 'create_time': 1597390710.0, 'username': 'LAPTOP-RSTFGJU4\\Vedant Wartikar', 'name': 'RuntimeBroker.exe', 'num_handles': 279, 'ppid': 92, 'memory_percent': 0.11869357822838489, 'num_threads': 3, 'vms': 5.78515625}
{'pid': 13588, 'create_time': 1597399298.0, 'username': 'LAPTOP-RSTFGJU4\\Vedant Wartikar', 'name': 'Code.exe', 'num_handles': 228, 'ppid': 11396, 'memory_percent': 0.20420193996645458, 'num_threads': 10, 'vms': 17.18359375}
{'pid': 13724, 'create_time': 1597390710.0, 'username': 'LAPTOP-RSTFGJU4\\Vedant Wartikar', 'name': 'RAVCpl64.exe', 'num_handles': 401, 'ppid': 5296, 'memory_percent': 0.09984379896290196, 'num_threads': 11, 'vms': 4.734375}
{'pid': 13740, 'create_time': 1597390711.0, 'username': 'LAPTOP-RSTFGJU4\\Vedant Wartikar', 'name': 'YourPhoneServer.exe', 'num_handles': 272, 'ppid': 92, 'memory_percent': 0.13540624876185764, 'num_threads': 5, 'vms': 7.8359375}
{'pid': 13852, 'create_time': 1597390780.0, 'username': 'LAPTOP-RSTFGJU4\\Vedant Wartikar', 'name': 'ApplicationFrameHost.exe', 'num_handles': 399, 'ppid': 92, 'memory_percent': 0.2170966297315047, 'num_threads': 3, 'vms': 20.09375}
{'pid': 13908, 'create_time': 1597390720.0, 'username': 'LAPTOP-RSTFGJU4\\Vedant Wartikar', 'name': 'Skype.exe', 'num_handles': 263, 'ppid': 13296, 'memory_percent': 0.09225586234138271, 'num_threads': 6, 'vms': 9.4921875}
{'pid': 13964, 'create_time': 1597390711.0, 'username': 'LAPTOP-RSTFGJU4\\Vedant Wartikar', 'name': 'RAVBg64.exe', 'num_handles': 368, 'ppid': 5296, 'memory_percent': 0.103253567951053, 'num_threads': 7, 'vms': 7.484375}
{'pid': 13988, 'create_time': 1597390720.0, 'username': 'LAPTOP-RSTFGJU4\\Vedant Wartikar', 'name': 'Skype.exe', 'num_handles': 370, 'ppid': 13296, 'memory_percent': 0.14270603589142047, 'num_threads': 8, 'vms': 10.7890625}
{'pid': 14008, 'create_time': 1597392335.0, 'username': 'LAPTOP-RSTFGJU4\\Vedant Wartikar', 'name': 'RuntimeBroker.exe', 'num_handles': 321, 'ppid': 92, 'memory_percent': 0.1172288183109397, 'num_threads': 3, 'vms': 4.515625}
{'pid': 14012, 'create_time': 1597390720.0, 'username': 'LAPTOP-RSTFGJU4\\Vedant Wartikar', 'name': 'Skype.exe', 'num_handles': 537, 'ppid': 13296, 'memory_percent': 0.28918202763593753, 'num_threads': 17, 'vms': 38.8671875}
{'pid': 14040, 'create_time': 1597404425.0, 'username': 'LAPTOP-RSTFGJU4\\Vedant Wartikar', 'name': 'RuntimeBroker.exe', 'num_handles': 368, 'ppid': 92, 'memory_percent': 0.1717611096636935, 'num_threads': 12, 'vms': 6.734375}
{'pid': 14044, 'create_time': 1597390721.0, 'username': 'LAPTOP-RSTFGJU4\\Vedant Wartikar', 'name': 'Skype.exe', 'num_handles': 445, 'ppid': 13296, 'memory_percent': 0.5895298480851866, 'num_threads': 18, 'vms': 119.5}
{'pid': 14128, 'create_time': 1597390712.0, 'username': None, 'name': 'svchost.exe', 'num_handles': 161, 'ppid': 868, 'memory_percent': 0.050570235838352934, 'num_threads': 3, 'vms': 2.0078125}
{'pid': 14160, 'create_time': 1597405108.0, 'username': 'LAPTOP-RSTFGJU4\\Vedant Wartikar', 'name': 'chrome.exe', 'num_handles': 240, 'ppid': 1904, 'memory_percent': 0.27472652812279014, 'num_threads': 14, 'vms': 21.9140625}
{'pid': 14176, 'create_time': 1597390712.0, 'username': 'LAPTOP-RSTFGJU4\\Vedant Wartikar', 'name': 'RAVBg64.exe', 'num_handles': 320, 'ppid': 5296, 'memory_percent': 0.09398475929312128, 'num_threads': 6, 'vms': 6.234375}
{'pid': 14228, 'create_time': 1597390713.0, 'username': 'LAPTOP-RSTFGJU4\\Vedant Wartikar', 'name': 'AvastUI.exe', 'num_handles': 2243, 'ppid': 14220, 'memory_percent': 0.3938523305891096, 'num_threads': 49, 'vms': 48.2109375}
{'pid': 14244, 'create_time': 1597390713.0, 'username': 'LAPTOP-RSTFGJU4\\Vedant Wartikar', 'name': 'DolbyDAX2TrayIcon.exe', 'num_handles': 141, 'ppid': 5296, 'memory_percent': 0.06730691882948873, 'num_threads': 1, 'vms': 3.9921875}
{'pid': 14284, 'create_time': 1597390714.0, 'username': 'LAPTOP-RSTFGJU4\\Vedant Wartikar', 'name': 'OneDrive.exe', 'num_handles': 551, 'ppid': 5296, 'memory_percent': 0.27258941939077996, 'num_threads': 15, 'vms': 15.90625}
{'pid': 14304, 'create_time': 1597405297.0, 'username': 'LAPTOP-RSTFGJU4\\Vedant Wartikar', 'name': 'chrome.exe', 'num_handles': 272, 'ppid': 1904, 'memory_percent': 0.10692747397349744, 'num_threads': 8, 'vms': 7.0078125}
{'pid': 14436, 'create_time': 1597405690.0, 'username': 'LAPTOP-RSTFGJU4\\Vedant Wartikar', 'name': 'python.exe', 'num_handles': 630, 'ppid': 1916, 'memory_percent': 0.3654936180890646, 'num_threads': 8, 'vms': 271.7109375}
{'pid': 14768, 'create_time': 1597405319.0, 'username': 'LAPTOP-RSTFGJU4\\Vedant Wartikar', 'name': 'chrome.exe', 'num_handles': 221, 'ppid': 1904, 'memory_percent': 0.1338214265560973, 'num_threads': 14, 'vms': 12.02734375}
{'pid': 14796, 'create_time': 1597405424.0, 'username': 'LAPTOP-RSTFGJU4\\Vedant Wartikar', 'name': 'Code.exe', 'num_handles': 226, 'ppid': 11396, 'memory_percent': 0.34140912305303994, 'num_threads': 8, 'vms': 41.1796875}
{'pid': 15348, 'create_time': 1597405444.0, 'username': None, 'name': 'SearchProtocolHost.exe', 'num_handles': 370, 'ppid': 6256, 'memory_percent': 0.07681585206405082, 'num_threads': 6, 'vms': 2.5078125}
